{"numFailedTestSuites":5,"numFailedTests":9,"numPassedTestSuites":27,"numPassedTests":570,"numPendingTestSuites":0,"numPendingTests":10,"numRuntimeErrorTestSuites":3,"numTodoTests":0,"numTotalTestSuites":32,"numTotalTests":589,"openHandles":[],"snapshot":{"added":0,"didUpdate":false,"failure":false,"filesAdded":0,"filesRemoved":0,"filesRemovedList":[],"filesUnmatched":0,"filesUpdated":0,"matched":0,"total":0,"unchecked":0,"uncheckedKeysByFile":[],"unmatched":0,"updated":0},"startTime":1772229499300,"success":false,"testResults":[{"assertionResults":[{"ancestorTitles":["Error Handler Middleware","AppError Class"],"duration":91,"failureDetails":[],"failureMessages":[],"fullName":"Error Handler Middleware AppError Class should create operational error correctly","invocations":1,"location":null,"numPassingAsserts":5,"retryReasons":[],"status":"passed","title":"should create operational error correctly"},{"ancestorTitles":["Error Handler Middleware","AppError Class"],"duration":3,"failureDetails":[],"failureMessages":[],"fullName":"Error Handler Middleware AppError Class should create server error correctly","invocations":1,"location":null,"numPassingAsserts":2,"retryReasons":[],"status":"passed","title":"should create server error correctly"},{"ancestorTitles":["Error Handler Middleware","Global Error Handler"],"duration":128,"failureDetails":[{"matcherResult":{"message":"\u001b[2mexpect(\u001b[22m\u001b[31mjest.fn()\u001b[39m\u001b[2m).\u001b[22mtoHaveBeenCalledWith\u001b[2m(\u001b[22m\u001b[32m...expected\u001b[39m\u001b[2m)\u001b[22m\n\n\u001b[32m- Expected\u001b[39m\n\u001b[31m+ Received\u001b[39m\n\n\u001b[2m  Object {\u001b[22m\n\u001b[2m    \"code\": \"TEST_ERROR\",\u001b[22m\n\u001b[31m+   \"errorId\": \"ERR_1772229507339_0q5oza00q\",\u001b[39m\n\u001b[2m    \"message\": \"Test error\",\u001b[22m\n\u001b[2m    \"success\": false,\u001b[22m\n\u001b[2m  }\u001b[22m,\n\nNumber of calls: \u001b[31m1\u001b[39m","pass":false}}],"failureMessages":["Error: \u001b[2mexpect(\u001b[22m\u001b[31mjest.fn()\u001b[39m\u001b[2m).\u001b[22mtoHaveBeenCalledWith\u001b[2m(\u001b[22m\u001b[32m...expected\u001b[39m\u001b[2m)\u001b[22m\n\n\u001b[32m- Expected\u001b[39m\n\u001b[31m+ Received\u001b[39m\n\n\u001b[2m  Object {\u001b[22m\n\u001b[2m    \"code\": \"TEST_ERROR\",\u001b[22m\n\u001b[31m+   \"errorId\": \"ERR_1772229507339_0q5oza00q\",\u001b[39m\n\u001b[2m    \"message\": \"Test error\",\u001b[22m\n\u001b[2m    \"success\": false,\u001b[22m\n\u001b[2m  }\u001b[22m,\n\nNumber of calls: \u001b[31m1\u001b[39m\n    at Object.toHaveBeenCalledWith (C:\\Users\\HP\\Desktop\\PERSONAL PROJECTS\\EduConnect-Backend\\src\\middleware\\__tests__\\errorHandler.test.js:64:24)\n    at Promise.then.completed (C:\\Users\\HP\\Desktop\\PERSONAL PROJECTS\\EduConnect-Backend\\node_modules\\jest-circus\\build\\utils.js:298:28)\n    at new Promise (<anonymous>)\n    at callAsyncCircusFn (C:\\Users\\HP\\Desktop\\PERSONAL PROJECTS\\EduConnect-Backend\\node_modules\\jest-circus\\build\\utils.js:231:10)\n    at _callCircusTest (C:\\Users\\HP\\Desktop\\PERSONAL PROJECTS\\EduConnect-Backend\\node_modules\\jest-circus\\build\\run.js:316:40)\n    at processTicksAndRejections (node:internal/process/task_queues:105:5)\n    at _runTest (C:\\Users\\HP\\Desktop\\PERSONAL PROJECTS\\EduConnect-Backend\\node_modules\\jest-circus\\build\\run.js:252:3)\n    at _runTestsForDescribeBlock (C:\\Users\\HP\\Desktop\\PERSONAL PROJECTS\\EduConnect-Backend\\node_modules\\jest-circus\\build\\run.js:126:9)\n    at _runTestsForDescribeBlock (C:\\Users\\HP\\Desktop\\PERSONAL PROJECTS\\EduConnect-Backend\\node_modules\\jest-circus\\build\\run.js:121:9)\n    at _runTestsForDescribeBlock (C:\\Users\\HP\\Desktop\\PERSONAL PROJECTS\\EduConnect-Backend\\node_modules\\jest-circus\\build\\run.js:121:9)\n    at run (C:\\Users\\HP\\Desktop\\PERSONAL PROJECTS\\EduConnect-Backend\\node_modules\\jest-circus\\build\\run.js:71:3)\n    at runAndTransformResultsToJestFormat (C:\\Users\\HP\\Desktop\\PERSONAL PROJECTS\\EduConnect-Backend\\node_modules\\jest-circus\\build\\legacy-code-todo-rewrite\\jestAdapterInit.js:122:21)\n    at jestAdapter (C:\\Users\\HP\\Desktop\\PERSONAL PROJECTS\\EduConnect-Backend\\node_modules\\jest-circus\\build\\legacy-code-todo-rewrite\\jestAdapter.js:79:19)\n    at runTestInternal (C:\\Users\\HP\\Desktop\\PERSONAL PROJECTS\\EduConnect-Backend\\node_modules\\jest-runner\\build\\runTest.js:367:16)\n    at runTest (C:\\Users\\HP\\Desktop\\PERSONAL PROJECTS\\EduConnect-Backend\\node_modules\\jest-runner\\build\\runTest.js:444:34)\n    at Object.worker (C:\\Users\\HP\\Desktop\\PERSONAL PROJECTS\\EduConnect-Backend\\node_modules\\jest-runner\\build\\testWorker.js:106:12)"],"fullName":"Error Handler Middleware Global Error Handler should handle operational errors in production","invocations":1,"location":null,"numPassingAsserts":1,"retryReasons":[],"status":"failed","title":"should handle operational errors in production"},{"ancestorTitles":["Error Handler Middleware","Global Error Handler"],"duration":8,"failureDetails":[{"matcherResult":{"message":"\u001b[2mexpect(\u001b[22m\u001b[31mjest.fn()\u001b[39m\u001b[2m).\u001b[22mtoHaveBeenCalledWith\u001b[2m(\u001b[22m\u001b[32m...expected\u001b[39m\u001b[2m)\u001b[22m\n\n\u001b[32m- Expected\u001b[39m\n\u001b[31m+ Received\u001b[39m\n\n\u001b[2m  Object {\u001b[22m\n\u001b[2m    \"code\": \"INTERNAL_SERVER_ERROR\",\u001b[22m\n\u001b[31m+   \"errorId\": \"ERR_1772229507697_i63v9iiid\",\u001b[39m\n\u001b[2m    \"message\": \"Something went wrong!\",\u001b[22m\n\u001b[2m    \"success\": false,\u001b[22m\n\u001b[2m  }\u001b[22m,\n\nNumber of calls: \u001b[31m1\u001b[39m","pass":false}}],"failureMessages":["Error: \u001b[2mexpect(\u001b[22m\u001b[31mjest.fn()\u001b[39m\u001b[2m).\u001b[22mtoHaveBeenCalledWith\u001b[2m(\u001b[22m\u001b[32m...expected\u001b[39m\u001b[2m)\u001b[22m\n\n\u001b[32m- Expected\u001b[39m\n\u001b[31m+ Received\u001b[39m\n\n\u001b[2m  Object {\u001b[22m\n\u001b[2m    \"code\": \"INTERNAL_SERVER_ERROR\",\u001b[22m\n\u001b[31m+   \"errorId\": \"ERR_1772229507697_i63v9iiid\",\u001b[39m\n\u001b[2m    \"message\": \"Something went wrong!\",\u001b[22m\n\u001b[2m    \"success\": false,\u001b[22m\n\u001b[2m  }\u001b[22m,\n\nNumber of calls: \u001b[31m1\u001b[39m\n    at Object.toHaveBeenCalledWith (C:\\Users\\HP\\Desktop\\PERSONAL PROJECTS\\EduConnect-Backend\\src\\middleware\\__tests__\\errorHandler.test.js:79:24)\n    at Promise.then.completed (C:\\Users\\HP\\Desktop\\PERSONAL PROJECTS\\EduConnect-Backend\\node_modules\\jest-circus\\build\\utils.js:298:28)\n    at new Promise (<anonymous>)\n    at callAsyncCircusFn (C:\\Users\\HP\\Desktop\\PERSONAL PROJECTS\\EduConnect-Backend\\node_modules\\jest-circus\\build\\utils.js:231:10)\n    at _callCircusTest (C:\\Users\\HP\\Desktop\\PERSONAL PROJECTS\\EduConnect-Backend\\node_modules\\jest-circus\\build\\run.js:316:40)\n    at processTicksAndRejections (node:internal/process/task_queues:105:5)\n    at _runTest (C:\\Users\\HP\\Desktop\\PERSONAL PROJECTS\\EduConnect-Backend\\node_modules\\jest-circus\\build\\run.js:252:3)\n    at _runTestsForDescribeBlock (C:\\Users\\HP\\Desktop\\PERSONAL PROJECTS\\EduConnect-Backend\\node_modules\\jest-circus\\build\\run.js:126:9)\n    at _runTestsForDescribeBlock (C:\\Users\\HP\\Desktop\\PERSONAL PROJECTS\\EduConnect-Backend\\node_modules\\jest-circus\\build\\run.js:121:9)\n    at _runTestsForDescribeBlock (C:\\Users\\HP\\Desktop\\PERSONAL PROJECTS\\EduConnect-Backend\\node_modules\\jest-circus\\build\\run.js:121:9)\n    at run (C:\\Users\\HP\\Desktop\\PERSONAL PROJECTS\\EduConnect-Backend\\node_modules\\jest-circus\\build\\run.js:71:3)\n    at runAndTransformResultsToJestFormat (C:\\Users\\HP\\Desktop\\PERSONAL PROJECTS\\EduConnect-Backend\\node_modules\\jest-circus\\build\\legacy-code-todo-rewrite\\jestAdapterInit.js:122:21)\n    at jestAdapter (C:\\Users\\HP\\Desktop\\PERSONAL PROJECTS\\EduConnect-Backend\\node_modules\\jest-circus\\build\\legacy-code-todo-rewrite\\jestAdapter.js:79:19)\n    at runTestInternal (C:\\Users\\HP\\Desktop\\PERSONAL PROJECTS\\EduConnect-Backend\\node_modules\\jest-runner\\build\\runTest.js:367:16)\n    at runTest (C:\\Users\\HP\\Desktop\\PERSONAL PROJECTS\\EduConnect-Backend\\node_modules\\jest-runner\\build\\runTest.js:444:34)\n    at Object.worker (C:\\Users\\HP\\Desktop\\PERSONAL PROJECTS\\EduConnect-Backend\\node_modules\\jest-runner\\build\\testWorker.js:106:12)"],"fullName":"Error Handler Middleware Global Error Handler should handle non-operational errors in production","invocations":1,"location":null,"numPassingAsserts":1,"retryReasons":[],"status":"failed","title":"should handle non-operational errors in production"},{"ancestorTitles":["Error Handler Middleware","Global Error Handler"],"duration":3,"failureDetails":[],"failureMessages":[],"fullName":"Error Handler Middleware Global Error Handler should provide detailed errors in development","invocations":1,"location":null,"numPassingAsserts":2,"retryReasons":[],"status":"passed","title":"should provide detailed errors in development"},{"ancestorTitles":["Error Handler Middleware","Global Error Handler"],"duration":142,"failureDetails":[{"matcherResult":{"message":"\u001b[2mexpect(\u001b[22m\u001b[31mjest.fn()\u001b[39m\u001b[2m).\u001b[22mtoHaveBeenCalledWith\u001b[2m(\u001b[22m\u001b[32m...expected\u001b[39m\u001b[2m)\u001b[22m\n\n\u001b[32m- Expected\u001b[39m\n\u001b[31m+ Received\u001b[39m\n\n\u001b[2m  Object {\u001b[22m\n\u001b[2m    \"code\": \"INVALID_ID\",\u001b[22m\n\u001b[31m+   \"errorId\": \"ERR_1772229507710_g3t7gcqyl\",\u001b[39m\n\u001b[2m    \"message\": \"Invalid id: invalid-id\",\u001b[22m\n\u001b[2m    \"success\": false,\u001b[22m\n\u001b[2m  }\u001b[22m,\n\nNumber of calls: \u001b[31m1\u001b[39m","pass":false}}],"failureMessages":["Error: \u001b[2mexpect(\u001b[22m\u001b[31mjest.fn()\u001b[39m\u001b[2m).\u001b[22mtoHaveBeenCalledWith\u001b[2m(\u001b[22m\u001b[32m...expected\u001b[39m\u001b[2m)\u001b[22m\n\n\u001b[32m- Expected\u001b[39m\n\u001b[31m+ Received\u001b[39m\n\n\u001b[2m  Object {\u001b[22m\n\u001b[2m    \"code\": \"INVALID_ID\",\u001b[22m\n\u001b[31m+   \"errorId\": \"ERR_1772229507710_g3t7gcqyl\",\u001b[39m\n\u001b[2m    \"message\": \"Invalid id: invalid-id\",\u001b[22m\n\u001b[2m    \"success\": false,\u001b[22m\n\u001b[2m  }\u001b[22m,\n\nNumber of calls: \u001b[31m1\u001b[39m\n    at Object.toHaveBeenCalledWith (C:\\Users\\HP\\Desktop\\PERSONAL PROJECTS\\EduConnect-Backend\\src\\middleware\\__tests__\\errorHandler.test.js:112:24)\n    at Promise.then.completed (C:\\Users\\HP\\Desktop\\PERSONAL PROJECTS\\EduConnect-Backend\\node_modules\\jest-circus\\build\\utils.js:298:28)\n    at new Promise (<anonymous>)\n    at callAsyncCircusFn (C:\\Users\\HP\\Desktop\\PERSONAL PROJECTS\\EduConnect-Backend\\node_modules\\jest-circus\\build\\utils.js:231:10)\n    at _callCircusTest (C:\\Users\\HP\\Desktop\\PERSONAL PROJECTS\\EduConnect-Backend\\node_modules\\jest-circus\\build\\run.js:316:40)\n    at processTicksAndRejections (node:internal/process/task_queues:105:5)\n    at _runTest (C:\\Users\\HP\\Desktop\\PERSONAL PROJECTS\\EduConnect-Backend\\node_modules\\jest-circus\\build\\run.js:252:3)\n    at _runTestsForDescribeBlock (C:\\Users\\HP\\Desktop\\PERSONAL PROJECTS\\EduConnect-Backend\\node_modules\\jest-circus\\build\\run.js:126:9)\n    at _runTestsForDescribeBlock (C:\\Users\\HP\\Desktop\\PERSONAL PROJECTS\\EduConnect-Backend\\node_modules\\jest-circus\\build\\run.js:121:9)\n    at _runTestsForDescribeBlock (C:\\Users\\HP\\Desktop\\PERSONAL PROJECTS\\EduConnect-Backend\\node_modules\\jest-circus\\build\\run.js:121:9)\n    at run (C:\\Users\\HP\\Desktop\\PERSONAL PROJECTS\\EduConnect-Backend\\node_modules\\jest-circus\\build\\run.js:71:3)\n    at runAndTransformResultsToJestFormat (C:\\Users\\HP\\Desktop\\PERSONAL PROJECTS\\EduConnect-Backend\\node_modules\\jest-circus\\build\\legacy-code-todo-rewrite\\jestAdapterInit.js:122:21)\n    at jestAdapter (C:\\Users\\HP\\Desktop\\PERSONAL PROJECTS\\EduConnect-Backend\\node_modules\\jest-circus\\build\\legacy-code-todo-rewrite\\jestAdapter.js:79:19)\n    at runTestInternal (C:\\Users\\HP\\Desktop\\PERSONAL PROJECTS\\EduConnect-Backend\\node_modules\\jest-runner\\build\\runTest.js:367:16)\n    at runTest (C:\\Users\\HP\\Desktop\\PERSONAL PROJECTS\\EduConnect-Backend\\node_modules\\jest-runner\\build\\runTest.js:444:34)\n    at Object.worker (C:\\Users\\HP\\Desktop\\PERSONAL PROJECTS\\EduConnect-Backend\\node_modules\\jest-runner\\build\\testWorker.js:106:12)"],"fullName":"Error Handler Middleware Global Error Handler should handle MongoDB CastError","invocations":1,"location":null,"numPassingAsserts":1,"retryReasons":[],"status":"failed","title":"should handle MongoDB CastError"},{"ancestorTitles":["Error Handler Middleware","Global Error Handler"],"duration":5,"failureDetails":[{"matcherResult":{"message":"\u001b[2mexpect(\u001b[22m\u001b[31mjest.fn()\u001b[39m\u001b[2m).\u001b[22mtoHaveBeenCalledWith\u001b[2m(\u001b[22m\u001b[32m...expected\u001b[39m\u001b[2m)\u001b[22m\n\n\u001b[32m- Expected\u001b[39m\n\u001b[31m+ Received\u001b[39m\n\n\u001b[2m  Object {\u001b[22m\n\u001b[2m    \"code\": \"DUPLICATE_FIELD\",\u001b[22m\n\u001b[31m+   \"errorId\": \"ERR_1772229507855_03k7vxa4e\",\u001b[39m\n\u001b[2m    \"message\": \"email 'test@example.com' already exists. Please use another value.\",\u001b[22m\n\u001b[2m    \"success\": false,\u001b[22m\n\u001b[2m  }\u001b[22m,\n\nNumber of calls: \u001b[31m1\u001b[39m","pass":false}}],"failureMessages":["Error: \u001b[2mexpect(\u001b[22m\u001b[31mjest.fn()\u001b[39m\u001b[2m).\u001b[22mtoHaveBeenCalledWith\u001b[2m(\u001b[22m\u001b[32m...expected\u001b[39m\u001b[2m)\u001b[22m\n\n\u001b[32m- Expected\u001b[39m\n\u001b[31m+ Received\u001b[39m\n\n\u001b[2m  Object {\u001b[22m\n\u001b[2m    \"code\": \"DUPLICATE_FIELD\",\u001b[22m\n\u001b[31m+   \"errorId\": \"ERR_1772229507855_03k7vxa4e\",\u001b[39m\n\u001b[2m    \"message\": \"email 'test@example.com' already exists. Please use another value.\",\u001b[22m\n\u001b[2m    \"success\": false,\u001b[22m\n\u001b[2m  }\u001b[22m,\n\nNumber of calls: \u001b[31m1\u001b[39m\n    at Object.toHaveBeenCalledWith (C:\\Users\\HP\\Desktop\\PERSONAL PROJECTS\\EduConnect-Backend\\src\\middleware\\__tests__\\errorHandler.test.js:128:24)\n    at Promise.then.completed (C:\\Users\\HP\\Desktop\\PERSONAL PROJECTS\\EduConnect-Backend\\node_modules\\jest-circus\\build\\utils.js:298:28)\n    at new Promise (<anonymous>)\n    at callAsyncCircusFn (C:\\Users\\HP\\Desktop\\PERSONAL PROJECTS\\EduConnect-Backend\\node_modules\\jest-circus\\build\\utils.js:231:10)\n    at _callCircusTest (C:\\Users\\HP\\Desktop\\PERSONAL PROJECTS\\EduConnect-Backend\\node_modules\\jest-circus\\build\\run.js:316:40)\n    at processTicksAndRejections (node:internal/process/task_queues:105:5)\n    at _runTest (C:\\Users\\HP\\Desktop\\PERSONAL PROJECTS\\EduConnect-Backend\\node_modules\\jest-circus\\build\\run.js:252:3)\n    at _runTestsForDescribeBlock (C:\\Users\\HP\\Desktop\\PERSONAL PROJECTS\\EduConnect-Backend\\node_modules\\jest-circus\\build\\run.js:126:9)\n    at _runTestsForDescribeBlock (C:\\Users\\HP\\Desktop\\PERSONAL PROJECTS\\EduConnect-Backend\\node_modules\\jest-circus\\build\\run.js:121:9)\n    at _runTestsForDescribeBlock (C:\\Users\\HP\\Desktop\\PERSONAL PROJECTS\\EduConnect-Backend\\node_modules\\jest-circus\\build\\run.js:121:9)\n    at run (C:\\Users\\HP\\Desktop\\PERSONAL PROJECTS\\EduConnect-Backend\\node_modules\\jest-circus\\build\\run.js:71:3)\n    at runAndTransformResultsToJestFormat (C:\\Users\\HP\\Desktop\\PERSONAL PROJECTS\\EduConnect-Backend\\node_modules\\jest-circus\\build\\legacy-code-todo-rewrite\\jestAdapterInit.js:122:21)\n    at jestAdapter (C:\\Users\\HP\\Desktop\\PERSONAL PROJECTS\\EduConnect-Backend\\node_modules\\jest-circus\\build\\legacy-code-todo-rewrite\\jestAdapter.js:79:19)\n    at runTestInternal (C:\\Users\\HP\\Desktop\\PERSONAL PROJECTS\\EduConnect-Backend\\node_modules\\jest-runner\\build\\runTest.js:367:16)\n    at runTest (C:\\Users\\HP\\Desktop\\PERSONAL PROJECTS\\EduConnect-Backend\\node_modules\\jest-runner\\build\\runTest.js:444:34)\n    at Object.worker (C:\\Users\\HP\\Desktop\\PERSONAL PROJECTS\\EduConnect-Backend\\node_modules\\jest-runner\\build\\testWorker.js:106:12)"],"fullName":"Error Handler Middleware Global Error Handler should handle MongoDB duplicate key error","invocations":1,"location":null,"numPassingAsserts":1,"retryReasons":[],"status":"failed","title":"should handle MongoDB duplicate key error"},{"ancestorTitles":["Error Handler Middleware","Global Error Handler"],"duration":5,"failureDetails":[{"matcherResult":{"message":"\u001b[2mexpect(\u001b[22m\u001b[31mjest.fn()\u001b[39m\u001b[2m).\u001b[22mtoHaveBeenCalledWith\u001b[2m(\u001b[22m\u001b[32m...expected\u001b[39m\u001b[2m)\u001b[22m\n\n\u001b[32m- Expected\u001b[39m\n\u001b[31m+ Received\u001b[39m\n\n\u001b[2m  Object {\u001b[22m\n\u001b[2m    \"code\": \"INVALID_TOKEN\",\u001b[22m\n\u001b[31m+   \"errorId\": \"ERR_1772229507861_0jsei4143\",\u001b[39m\n\u001b[2m    \"message\": \"Invalid token. Please log in again.\",\u001b[22m\n\u001b[2m    \"success\": false,\u001b[22m\n\u001b[2m  }\u001b[22m,\n\nNumber of calls: \u001b[31m1\u001b[39m","pass":false}}],"failureMessages":["Error: \u001b[2mexpect(\u001b[22m\u001b[31mjest.fn()\u001b[39m\u001b[2m).\u001b[22mtoHaveBeenCalledWith\u001b[2m(\u001b[22m\u001b[32m...expected\u001b[39m\u001b[2m)\u001b[22m\n\n\u001b[32m- Expected\u001b[39m\n\u001b[31m+ Received\u001b[39m\n\n\u001b[2m  Object {\u001b[22m\n\u001b[2m    \"code\": \"INVALID_TOKEN\",\u001b[22m\n\u001b[31m+   \"errorId\": \"ERR_1772229507861_0jsei4143\",\u001b[39m\n\u001b[2m    \"message\": \"Invalid token. Please log in again.\",\u001b[22m\n\u001b[2m    \"success\": false,\u001b[22m\n\u001b[2m  }\u001b[22m,\n\nNumber of calls: \u001b[31m1\u001b[39m\n    at Object.toHaveBeenCalledWith (C:\\Users\\HP\\Desktop\\PERSONAL PROJECTS\\EduConnect-Backend\\src\\middleware\\__tests__\\errorHandler.test.js:143:24)\n    at Promise.then.completed (C:\\Users\\HP\\Desktop\\PERSONAL PROJECTS\\EduConnect-Backend\\node_modules\\jest-circus\\build\\utils.js:298:28)\n    at new Promise (<anonymous>)\n    at callAsyncCircusFn (C:\\Users\\HP\\Desktop\\PERSONAL PROJECTS\\EduConnect-Backend\\node_modules\\jest-circus\\build\\utils.js:231:10)\n    at _callCircusTest (C:\\Users\\HP\\Desktop\\PERSONAL PROJECTS\\EduConnect-Backend\\node_modules\\jest-circus\\build\\run.js:316:40)\n    at processTicksAndRejections (node:internal/process/task_queues:105:5)\n    at _runTest (C:\\Users\\HP\\Desktop\\PERSONAL PROJECTS\\EduConnect-Backend\\node_modules\\jest-circus\\build\\run.js:252:3)\n    at _runTestsForDescribeBlock (C:\\Users\\HP\\Desktop\\PERSONAL PROJECTS\\EduConnect-Backend\\node_modules\\jest-circus\\build\\run.js:126:9)\n    at _runTestsForDescribeBlock (C:\\Users\\HP\\Desktop\\PERSONAL PROJECTS\\EduConnect-Backend\\node_modules\\jest-circus\\build\\run.js:121:9)\n    at _runTestsForDescribeBlock (C:\\Users\\HP\\Desktop\\PERSONAL PROJECTS\\EduConnect-Backend\\node_modules\\jest-circus\\build\\run.js:121:9)\n    at run (C:\\Users\\HP\\Desktop\\PERSONAL PROJECTS\\EduConnect-Backend\\node_modules\\jest-circus\\build\\run.js:71:3)\n    at runAndTransformResultsToJestFormat (C:\\Users\\HP\\Desktop\\PERSONAL PROJECTS\\EduConnect-Backend\\node_modules\\jest-circus\\build\\legacy-code-todo-rewrite\\jestAdapterInit.js:122:21)\n    at jestAdapter (C:\\Users\\HP\\Desktop\\PERSONAL PROJECTS\\EduConnect-Backend\\node_modules\\jest-circus\\build\\legacy-code-todo-rewrite\\jestAdapter.js:79:19)\n    at runTestInternal (C:\\Users\\HP\\Desktop\\PERSONAL PROJECTS\\EduConnect-Backend\\node_modules\\jest-runner\\build\\runTest.js:367:16)\n    at runTest (C:\\Users\\HP\\Desktop\\PERSONAL PROJECTS\\EduConnect-Backend\\node_modules\\jest-runner\\build\\runTest.js:444:34)\n    at Object.worker (C:\\Users\\HP\\Desktop\\PERSONAL PROJECTS\\EduConnect-Backend\\node_modules\\jest-runner\\build\\testWorker.js:106:12)"],"fullName":"Error Handler Middleware Global Error Handler should handle JWT errors","invocations":1,"location":null,"numPassingAsserts":1,"retryReasons":[],"status":"failed","title":"should handle JWT errors"},{"ancestorTitles":["Error Handler Middleware","Global Error Handler"],"duration":8,"failureDetails":[{"matcherResult":{"message":"\u001b[2mexpect(\u001b[22m\u001b[31mjest.fn()\u001b[39m\u001b[2m).\u001b[22mtoHaveBeenCalledWith\u001b[2m(\u001b[22m\u001b[32m...expected\u001b[39m\u001b[2m)\u001b[22m\n\n\u001b[32m- Expected\u001b[39m\n\u001b[31m+ Received\u001b[39m\n\n\u001b[2m  Object {\u001b[22m\n\u001b[2m    \"code\": \"TOKEN_EXPIRED\",\u001b[22m\n\u001b[31m+   \"errorId\": \"ERR_1772229507870_3mzpp1dqy\",\u001b[39m\n\u001b[2m    \"message\": \"Your token has expired. Please log in again.\",\u001b[22m\n\u001b[2m    \"success\": false,\u001b[22m\n\u001b[2m  }\u001b[22m,\n\nNumber of calls: \u001b[31m1\u001b[39m","pass":false}}],"failureMessages":["Error: \u001b[2mexpect(\u001b[22m\u001b[31mjest.fn()\u001b[39m\u001b[2m).\u001b[22mtoHaveBeenCalledWith\u001b[2m(\u001b[22m\u001b[32m...expected\u001b[39m\u001b[2m)\u001b[22m\n\n\u001b[32m- Expected\u001b[39m\n\u001b[31m+ Received\u001b[39m\n\n\u001b[2m  Object {\u001b[22m\n\u001b[2m    \"code\": \"TOKEN_EXPIRED\",\u001b[22m\n\u001b[31m+   \"errorId\": \"ERR_1772229507870_3mzpp1dqy\",\u001b[39m\n\u001b[2m    \"message\": \"Your token has expired. Please log in again.\",\u001b[22m\n\u001b[2m    \"success\": false,\u001b[22m\n\u001b[2m  }\u001b[22m,\n\nNumber of calls: \u001b[31m1\u001b[39m\n    at Object.toHaveBeenCalledWith (C:\\Users\\HP\\Desktop\\PERSONAL PROJECTS\\EduConnect-Backend\\src\\middleware\\__tests__\\errorHandler.test.js:158:24)\n    at Promise.then.completed (C:\\Users\\HP\\Desktop\\PERSONAL PROJECTS\\EduConnect-Backend\\node_modules\\jest-circus\\build\\utils.js:298:28)\n    at new Promise (<anonymous>)\n    at callAsyncCircusFn (C:\\Users\\HP\\Desktop\\PERSONAL PROJECTS\\EduConnect-Backend\\node_modules\\jest-circus\\build\\utils.js:231:10)\n    at _callCircusTest (C:\\Users\\HP\\Desktop\\PERSONAL PROJECTS\\EduConnect-Backend\\node_modules\\jest-circus\\build\\run.js:316:40)\n    at processTicksAndRejections (node:internal/process/task_queues:105:5)\n    at _runTest (C:\\Users\\HP\\Desktop\\PERSONAL PROJECTS\\EduConnect-Backend\\node_modules\\jest-circus\\build\\run.js:252:3)\n    at _runTestsForDescribeBlock (C:\\Users\\HP\\Desktop\\PERSONAL PROJECTS\\EduConnect-Backend\\node_modules\\jest-circus\\build\\run.js:126:9)\n    at _runTestsForDescribeBlock (C:\\Users\\HP\\Desktop\\PERSONAL PROJECTS\\EduConnect-Backend\\node_modules\\jest-circus\\build\\run.js:121:9)\n    at _runTestsForDescribeBlock (C:\\Users\\HP\\Desktop\\PERSONAL PROJECTS\\EduConnect-Backend\\node_modules\\jest-circus\\build\\run.js:121:9)\n    at run (C:\\Users\\HP\\Desktop\\PERSONAL PROJECTS\\EduConnect-Backend\\node_modules\\jest-circus\\build\\run.js:71:3)\n    at runAndTransformResultsToJestFormat (C:\\Users\\HP\\Desktop\\PERSONAL PROJECTS\\EduConnect-Backend\\node_modules\\jest-circus\\build\\legacy-code-todo-rewrite\\jestAdapterInit.js:122:21)\n    at jestAdapter (C:\\Users\\HP\\Desktop\\PERSONAL PROJECTS\\EduConnect-Backend\\node_modules\\jest-circus\\build\\legacy-code-todo-rewrite\\jestAdapter.js:79:19)\n    at runTestInternal (C:\\Users\\HP\\Desktop\\PERSONAL PROJECTS\\EduConnect-Backend\\node_modules\\jest-runner\\build\\runTest.js:367:16)\n    at runTest (C:\\Users\\HP\\Desktop\\PERSONAL PROJECTS\\EduConnect-Backend\\node_modules\\jest-runner\\build\\runTest.js:444:34)\n    at Object.worker (C:\\Users\\HP\\Desktop\\PERSONAL PROJECTS\\EduConnect-Backend\\node_modules\\jest-runner\\build\\testWorker.js:106:12)"],"fullName":"Error Handler Middleware Global Error Handler should handle JWT expired errors","invocations":1,"location":null,"numPassingAsserts":1,"retryReasons":[],"status":"failed","title":"should handle JWT expired errors"},{"ancestorTitles":["Error Handler Middleware","Global Error Handler"],"duration":4,"failureDetails":[{"matcherResult":{"message":"\u001b[2mexpect(\u001b[22m\u001b[31mjest.fn()\u001b[39m\u001b[2m).\u001b[22mtoHaveBeenCalledWith\u001b[2m(\u001b[22m\u001b[32m...expected\u001b[39m\u001b[2m)\u001b[22m\n\n\u001b[32m- Expected\u001b[39m\n\u001b[31m+ Received\u001b[39m\n\n\u001b[2m  Object {\u001b[22m\n\u001b[2m    \"code\": \"FILE_TOO_LARGE\",\u001b[22m\n\u001b[31m+   \"errorId\": \"ERR_1772229507878_vjhqs04vv\",\u001b[39m\n\u001b[2m    \"message\": \"File too large. Maximum size is 5MB.\",\u001b[22m\n\u001b[2m    \"success\": false,\u001b[22m\n\u001b[2m  }\u001b[22m,\n\nNumber of calls: \u001b[31m1\u001b[39m","pass":false}}],"failureMessages":["Error: \u001b[2mexpect(\u001b[22m\u001b[31mjest.fn()\u001b[39m\u001b[2m).\u001b[22mtoHaveBeenCalledWith\u001b[2m(\u001b[22m\u001b[32m...expected\u001b[39m\u001b[2m)\u001b[22m\n\n\u001b[32m- Expected\u001b[39m\n\u001b[31m+ Received\u001b[39m\n\n\u001b[2m  Object {\u001b[22m\n\u001b[2m    \"code\": \"FILE_TOO_LARGE\",\u001b[22m\n\u001b[31m+   \"errorId\": \"ERR_1772229507878_vjhqs04vv\",\u001b[39m\n\u001b[2m    \"message\": \"File too large. Maximum size is 5MB.\",\u001b[22m\n\u001b[2m    \"success\": false,\u001b[22m\n\u001b[2m  }\u001b[22m,\n\nNumber of calls: \u001b[31m1\u001b[39m\n    at Object.toHaveBeenCalledWith (C:\\Users\\HP\\Desktop\\PERSONAL PROJECTS\\EduConnect-Backend\\src\\middleware\\__tests__\\errorHandler.test.js:174:24)\n    at Promise.then.completed (C:\\Users\\HP\\Desktop\\PERSONAL PROJECTS\\EduConnect-Backend\\node_modules\\jest-circus\\build\\utils.js:298:28)\n    at new Promise (<anonymous>)\n    at callAsyncCircusFn (C:\\Users\\HP\\Desktop\\PERSONAL PROJECTS\\EduConnect-Backend\\node_modules\\jest-circus\\build\\utils.js:231:10)\n    at _callCircusTest (C:\\Users\\HP\\Desktop\\PERSONAL PROJECTS\\EduConnect-Backend\\node_modules\\jest-circus\\build\\run.js:316:40)\n    at processTicksAndRejections (node:internal/process/task_queues:105:5)\n    at _runTest (C:\\Users\\HP\\Desktop\\PERSONAL PROJECTS\\EduConnect-Backend\\node_modules\\jest-circus\\build\\run.js:252:3)\n    at _runTestsForDescribeBlock (C:\\Users\\HP\\Desktop\\PERSONAL PROJECTS\\EduConnect-Backend\\node_modules\\jest-circus\\build\\run.js:126:9)\n    at _runTestsForDescribeBlock (C:\\Users\\HP\\Desktop\\PERSONAL PROJECTS\\EduConnect-Backend\\node_modules\\jest-circus\\build\\run.js:121:9)\n    at _runTestsForDescribeBlock (C:\\Users\\HP\\Desktop\\PERSONAL PROJECTS\\EduConnect-Backend\\node_modules\\jest-circus\\build\\run.js:121:9)\n    at run (C:\\Users\\HP\\Desktop\\PERSONAL PROJECTS\\EduConnect-Backend\\node_modules\\jest-circus\\build\\run.js:71:3)\n    at runAndTransformResultsToJestFormat (C:\\Users\\HP\\Desktop\\PERSONAL PROJECTS\\EduConnect-Backend\\node_modules\\jest-circus\\build\\legacy-code-todo-rewrite\\jestAdapterInit.js:122:21)\n    at jestAdapter (C:\\Users\\HP\\Desktop\\PERSONAL PROJECTS\\EduConnect-Backend\\node_modules\\jest-circus\\build\\legacy-code-todo-rewrite\\jestAdapter.js:79:19)\n    at runTestInternal (C:\\Users\\HP\\Desktop\\PERSONAL PROJECTS\\EduConnect-Backend\\node_modules\\jest-runner\\build\\runTest.js:367:16)\n    at runTest (C:\\Users\\HP\\Desktop\\PERSONAL PROJECTS\\EduConnect-Backend\\node_modules\\jest-runner\\build\\runTest.js:444:34)\n    at Object.worker (C:\\Users\\HP\\Desktop\\PERSONAL PROJECTS\\EduConnect-Backend\\node_modules\\jest-runner\\build\\testWorker.js:106:12)"],"fullName":"Error Handler Middleware Global Error Handler should handle Multer file size errors","invocations":1,"location":null,"numPassingAsserts":1,"retryReasons":[],"status":"failed","title":"should handle Multer file size errors"},{"ancestorTitles":["Error Handler Middleware","Not Found Handler"],"duration":1,"failureDetails":[],"failureMessages":[],"fullName":"Error Handler Middleware Not Found Handler should create 404 error for unhandled routes","invocations":1,"location":null,"numPassingAsserts":1,"retryReasons":[],"status":"passed","title":"should create 404 error for unhandled routes"},{"ancestorTitles":["Error Handler Middleware","Catch Async"],"duration":111,"failureDetails":[],"failureMessages":[],"fullName":"Error Handler Middleware Catch Async should catch async errors and pass to next","invocations":1,"location":null,"numPassingAsserts":1,"retryReasons":[],"status":"passed","title":"should catch async errors and pass to next"},{"ancestorTitles":["Error Handler Middleware","Catch Async"],"duration":2,"failureDetails":[],"failureMessages":[],"fullName":"Error Handler Middleware Catch Async should not interfere with successful async operations","invocations":1,"location":null,"numPassingAsserts":2,"retryReasons":[],"status":"passed","title":"should not interfere with successful async operations"},{"ancestorTitles":["Error Handler Middleware","Validation Error Handler"],"duration":2,"failureDetails":[],"failureMessages":[],"fullName":"Error Handler Middleware Validation Error Handler should handle validation errors correctly","invocations":1,"location":null,"numPassingAsserts":3,"retryReasons":[],"status":"passed","title":"should handle validation errors correctly"},{"ancestorTitles":["Error Handler Middleware","Validation Error Handler"],"duration":2,"failureDetails":[],"failureMessages":[],"fullName":"Error Handler Middleware Validation Error Handler should continue if no validation errors","invocations":1,"location":null,"numPassingAsserts":2,"retryReasons":[],"status":"passed","title":"should continue if no validation errors"},{"ancestorTitles":["Error Handler Middleware","Rate Limit Error Handler"],"duration":3,"failureDetails":[],"failureMessages":[],"fullName":"Error Handler Middleware Rate Limit Error Handler should handle rate limit errors","invocations":1,"location":null,"numPassingAsserts":2,"retryReasons":[],"status":"passed","title":"should handle rate limit errors"},{"ancestorTitles":["Error Handler Middleware","CORS Error Handler"],"duration":2,"failureDetails":[],"failureMessages":[],"fullName":"Error Handler Middleware CORS Error Handler should handle CORS errors","invocations":1,"location":null,"numPassingAsserts":3,"retryReasons":[],"status":"passed","title":"should handle CORS errors"},{"ancestorTitles":["Error Handler Middleware","CORS Error Handler"],"duration":1,"failureDetails":[],"failureMessages":[],"fullName":"Error Handler Middleware CORS Error Handler should pass non-CORS errors to next handler","invocations":1,"location":null,"numPassingAsserts":2,"retryReasons":[],"status":"passed","title":"should pass non-CORS errors to next handler"},{"ancestorTitles":["Error Handler Middleware","Database Error Handler"],"duration":2,"failureDetails":[],"failureMessages":[],"fullName":"Error Handler Middleware Database Error Handler should handle MongoDB network errors","invocations":1,"location":null,"numPassingAsserts":3,"retryReasons":[],"status":"passed","title":"should handle MongoDB network errors"},{"ancestorTitles":["Error Handler Middleware","Database Error Handler"],"duration":3,"failureDetails":[],"failureMessages":[],"fullName":"Error Handler Middleware Database Error Handler should handle MongoDB timeout errors","invocations":1,"location":null,"numPassingAsserts":3,"retryReasons":[],"status":"passed","title":"should handle MongoDB timeout errors"},{"ancestorTitles":["Error Handler Middleware","Database Error Handler"],"duration":1,"failureDetails":[],"failureMessages":[],"fullName":"Error Handler Middleware Database Error Handler should pass non-database errors to next handler","invocations":1,"location":null,"numPassingAsserts":2,"retryReasons":[],"status":"passed","title":"should pass non-database errors to next handler"}],"endTime":1772229508493,"message":"\u001b[1m\u001b[31m  \u001b[1m● \u001b[22m\u001b[1mError Handler Middleware › Global Error Handler › should handle operational errors in production\u001b[39m\u001b[22m\n\n    \u001b[2mexpect(\u001b[22m\u001b[31mjest.fn()\u001b[39m\u001b[2m).\u001b[22mtoHaveBeenCalledWith\u001b[2m(\u001b[22m\u001b[32m...expected\u001b[39m\u001b[2m)\u001b[22m\n\n    \u001b[32m- Expected\u001b[39m\n    \u001b[31m+ Received\u001b[39m\n\n    \u001b[2m  Object {\u001b[22m\n    \u001b[2m    \"code\": \"TEST_ERROR\",\u001b[22m\n    \u001b[31m+   \"errorId\": \"ERR_1772229507339_0q5oza00q\",\u001b[39m\n    \u001b[2m    \"message\": \"Test error\",\u001b[22m\n    \u001b[2m    \"success\": false,\u001b[22m\n    \u001b[2m  }\u001b[22m,\n\n    Number of calls: \u001b[31m1\u001b[39m\n\u001b[2m\u001b[22m\n\u001b[2m    \u001b[0m \u001b[90m 62 |\u001b[39m       \u001b[22m\n\u001b[2m     \u001b[90m 63 |\u001b[39m       expect(res\u001b[33m.\u001b[39mstatus)\u001b[33m.\u001b[39mtoHaveBeenCalledWith(\u001b[35m400\u001b[39m)\u001b[33m;\u001b[39m\u001b[22m\n\u001b[2m    \u001b[31m\u001b[1m>\u001b[22m\u001b[2m\u001b[39m\u001b[90m 64 |\u001b[39m       expect(res\u001b[33m.\u001b[39mjson)\u001b[33m.\u001b[39mtoHaveBeenCalledWith({\u001b[22m\n\u001b[2m     \u001b[90m    |\u001b[39m                        \u001b[31m\u001b[1m^\u001b[22m\u001b[2m\u001b[39m\u001b[22m\n\u001b[2m     \u001b[90m 65 |\u001b[39m         success\u001b[33m:\u001b[39m \u001b[36mfalse\u001b[39m\u001b[33m,\u001b[39m\u001b[22m\n\u001b[2m     \u001b[90m 66 |\u001b[39m         message\u001b[33m:\u001b[39m \u001b[32m'Test error'\u001b[39m\u001b[33m,\u001b[39m\u001b[22m\n\u001b[2m     \u001b[90m 67 |\u001b[39m         code\u001b[33m:\u001b[39m \u001b[32m'TEST_ERROR'\u001b[39m\u001b[0m\u001b[22m\n\u001b[2m\u001b[22m\n\u001b[2m      \u001b[2mat Object.toHaveBeenCalledWith (\u001b[22m\u001b[2m\u001b[0m\u001b[36msrc/middleware/__tests__/errorHandler.test.js\u001b[39m\u001b[0m\u001b[2m:64:24)\u001b[22m\u001b[2m\u001b[22m\n\n\u001b[1m\u001b[31m  \u001b[1m● \u001b[22m\u001b[1mError Handler Middleware › Global Error Handler › should handle non-operational errors in production\u001b[39m\u001b[22m\n\n    \u001b[2mexpect(\u001b[22m\u001b[31mjest.fn()\u001b[39m\u001b[2m).\u001b[22mtoHaveBeenCalledWith\u001b[2m(\u001b[22m\u001b[32m...expected\u001b[39m\u001b[2m)\u001b[22m\n\n    \u001b[32m- Expected\u001b[39m\n    \u001b[31m+ Received\u001b[39m\n\n    \u001b[2m  Object {\u001b[22m\n    \u001b[2m    \"code\": \"INTERNAL_SERVER_ERROR\",\u001b[22m\n    \u001b[31m+   \"errorId\": \"ERR_1772229507697_i63v9iiid\",\u001b[39m\n    \u001b[2m    \"message\": \"Something went wrong!\",\u001b[22m\n    \u001b[2m    \"success\": false,\u001b[22m\n    \u001b[2m  }\u001b[22m,\n\n    Number of calls: \u001b[31m1\u001b[39m\n\u001b[2m\u001b[22m\n\u001b[2m    \u001b[0m \u001b[90m 77 |\u001b[39m       \u001b[22m\n\u001b[2m     \u001b[90m 78 |\u001b[39m       expect(res\u001b[33m.\u001b[39mstatus)\u001b[33m.\u001b[39mtoHaveBeenCalledWith(\u001b[35m500\u001b[39m)\u001b[33m;\u001b[39m\u001b[22m\n\u001b[2m    \u001b[31m\u001b[1m>\u001b[22m\u001b[2m\u001b[39m\u001b[90m 79 |\u001b[39m       expect(res\u001b[33m.\u001b[39mjson)\u001b[33m.\u001b[39mtoHaveBeenCalledWith({\u001b[22m\n\u001b[2m     \u001b[90m    |\u001b[39m                        \u001b[31m\u001b[1m^\u001b[22m\u001b[2m\u001b[39m\u001b[22m\n\u001b[2m     \u001b[90m 80 |\u001b[39m         success\u001b[33m:\u001b[39m \u001b[36mfalse\u001b[39m\u001b[33m,\u001b[39m\u001b[22m\n\u001b[2m     \u001b[90m 81 |\u001b[39m         message\u001b[33m:\u001b[39m \u001b[32m'Something went wrong!'\u001b[39m\u001b[33m,\u001b[39m\u001b[22m\n\u001b[2m     \u001b[90m 82 |\u001b[39m         code\u001b[33m:\u001b[39m \u001b[32m'INTERNAL_SERVER_ERROR'\u001b[39m\u001b[0m\u001b[22m\n\u001b[2m\u001b[22m\n\u001b[2m      \u001b[2mat Object.toHaveBeenCalledWith (\u001b[22m\u001b[2m\u001b[0m\u001b[36msrc/middleware/__tests__/errorHandler.test.js\u001b[39m\u001b[0m\u001b[2m:79:24)\u001b[22m\u001b[2m\u001b[22m\n\n\u001b[1m\u001b[31m  \u001b[1m● \u001b[22m\u001b[1mError Handler Middleware › Global Error Handler › should handle MongoDB CastError\u001b[39m\u001b[22m\n\n    \u001b[2mexpect(\u001b[22m\u001b[31mjest.fn()\u001b[39m\u001b[2m).\u001b[22mtoHaveBeenCalledWith\u001b[2m(\u001b[22m\u001b[32m...expected\u001b[39m\u001b[2m)\u001b[22m\n\n    \u001b[32m- Expected\u001b[39m\n    \u001b[31m+ Received\u001b[39m\n\n    \u001b[2m  Object {\u001b[22m\n    \u001b[2m    \"code\": \"INVALID_ID\",\u001b[22m\n    \u001b[31m+   \"errorId\": \"ERR_1772229507710_g3t7gcqyl\",\u001b[39m\n    \u001b[2m    \"message\": \"Invalid id: invalid-id\",\u001b[22m\n    \u001b[2m    \"success\": false,\u001b[22m\n    \u001b[2m  }\u001b[22m,\n\n    Number of calls: \u001b[31m1\u001b[39m\n\u001b[2m\u001b[22m\n\u001b[2m    \u001b[0m \u001b[90m 110 |\u001b[39m       \u001b[22m\n\u001b[2m     \u001b[90m 111 |\u001b[39m       expect(res\u001b[33m.\u001b[39mstatus)\u001b[33m.\u001b[39mtoHaveBeenCalledWith(\u001b[35m400\u001b[39m)\u001b[33m;\u001b[39m\u001b[22m\n\u001b[2m    \u001b[31m\u001b[1m>\u001b[22m\u001b[2m\u001b[39m\u001b[90m 112 |\u001b[39m       expect(res\u001b[33m.\u001b[39mjson)\u001b[33m.\u001b[39mtoHaveBeenCalledWith({\u001b[22m\n\u001b[2m     \u001b[90m     |\u001b[39m                        \u001b[31m\u001b[1m^\u001b[22m\u001b[2m\u001b[39m\u001b[22m\n\u001b[2m     \u001b[90m 113 |\u001b[39m         success\u001b[33m:\u001b[39m \u001b[36mfalse\u001b[39m\u001b[33m,\u001b[39m\u001b[22m\n\u001b[2m     \u001b[90m 114 |\u001b[39m         message\u001b[33m:\u001b[39m \u001b[32m'Invalid id: invalid-id'\u001b[39m\u001b[33m,\u001b[39m\u001b[22m\n\u001b[2m     \u001b[90m 115 |\u001b[39m         code\u001b[33m:\u001b[39m \u001b[32m'INVALID_ID'\u001b[39m\u001b[0m\u001b[22m\n\u001b[2m\u001b[22m\n\u001b[2m      \u001b[2mat Object.toHaveBeenCalledWith (\u001b[22m\u001b[2m\u001b[0m\u001b[36msrc/middleware/__tests__/errorHandler.test.js\u001b[39m\u001b[0m\u001b[2m:112:24)\u001b[22m\u001b[2m\u001b[22m\n\n\u001b[1m\u001b[31m  \u001b[1m● \u001b[22m\u001b[1mError Handler Middleware › Global Error Handler › should handle MongoDB duplicate key error\u001b[39m\u001b[22m\n\n    \u001b[2mexpect(\u001b[22m\u001b[31mjest.fn()\u001b[39m\u001b[2m).\u001b[22mtoHaveBeenCalledWith\u001b[2m(\u001b[22m\u001b[32m...expected\u001b[39m\u001b[2m)\u001b[22m\n\n    \u001b[32m- Expected\u001b[39m\n    \u001b[31m+ Received\u001b[39m\n\n    \u001b[2m  Object {\u001b[22m\n    \u001b[2m    \"code\": \"DUPLICATE_FIELD\",\u001b[22m\n    \u001b[31m+   \"errorId\": \"ERR_1772229507855_03k7vxa4e\",\u001b[39m\n    \u001b[2m    \"message\": \"email 'test@example.com' already exists. Please use another value.\",\u001b[22m\n    \u001b[2m    \"success\": false,\u001b[22m\n    \u001b[2m  }\u001b[22m,\n\n    Number of calls: \u001b[31m1\u001b[39m\n\u001b[2m\u001b[22m\n\u001b[2m    \u001b[0m \u001b[90m 126 |\u001b[39m       \u001b[22m\n\u001b[2m     \u001b[90m 127 |\u001b[39m       expect(res\u001b[33m.\u001b[39mstatus)\u001b[33m.\u001b[39mtoHaveBeenCalledWith(\u001b[35m400\u001b[39m)\u001b[33m;\u001b[39m\u001b[22m\n\u001b[2m    \u001b[31m\u001b[1m>\u001b[22m\u001b[2m\u001b[39m\u001b[90m 128 |\u001b[39m       expect(res\u001b[33m.\u001b[39mjson)\u001b[33m.\u001b[39mtoHaveBeenCalledWith({\u001b[22m\n\u001b[2m     \u001b[90m     |\u001b[39m                        \u001b[31m\u001b[1m^\u001b[22m\u001b[2m\u001b[39m\u001b[22m\n\u001b[2m     \u001b[90m 129 |\u001b[39m         success\u001b[33m:\u001b[39m \u001b[36mfalse\u001b[39m\u001b[33m,\u001b[39m\u001b[22m\n\u001b[2m     \u001b[90m 130 |\u001b[39m         message\u001b[33m:\u001b[39m \u001b[32m\"email 'test@example.com' already exists. Please use another value.\"\u001b[39m\u001b[33m,\u001b[39m\u001b[22m\n\u001b[2m     \u001b[90m 131 |\u001b[39m         code\u001b[33m:\u001b[39m \u001b[32m'DUPLICATE_FIELD'\u001b[39m\u001b[0m\u001b[22m\n\u001b[2m\u001b[22m\n\u001b[2m      \u001b[2mat Object.toHaveBeenCalledWith (\u001b[22m\u001b[2m\u001b[0m\u001b[36msrc/middleware/__tests__/errorHandler.test.js\u001b[39m\u001b[0m\u001b[2m:128:24)\u001b[22m\u001b[2m\u001b[22m\n\n\u001b[1m\u001b[31m  \u001b[1m● \u001b[22m\u001b[1mError Handler Middleware › Global Error Handler › should handle JWT errors\u001b[39m\u001b[22m\n\n    \u001b[2mexpect(\u001b[22m\u001b[31mjest.fn()\u001b[39m\u001b[2m).\u001b[22mtoHaveBeenCalledWith\u001b[2m(\u001b[22m\u001b[32m...expected\u001b[39m\u001b[2m)\u001b[22m\n\n    \u001b[32m- Expected\u001b[39m\n    \u001b[31m+ Received\u001b[39m\n\n    \u001b[2m  Object {\u001b[22m\n    \u001b[2m    \"code\": \"INVALID_TOKEN\",\u001b[22m\n    \u001b[31m+   \"errorId\": \"ERR_1772229507861_0jsei4143\",\u001b[39m\n    \u001b[2m    \"message\": \"Invalid token. Please log in again.\",\u001b[22m\n    \u001b[2m    \"success\": false,\u001b[22m\n    \u001b[2m  }\u001b[22m,\n\n    Number of calls: \u001b[31m1\u001b[39m\n\u001b[2m\u001b[22m\n\u001b[2m    \u001b[0m \u001b[90m 141 |\u001b[39m       \u001b[22m\n\u001b[2m     \u001b[90m 142 |\u001b[39m       expect(res\u001b[33m.\u001b[39mstatus)\u001b[33m.\u001b[39mtoHaveBeenCalledWith(\u001b[35m401\u001b[39m)\u001b[33m;\u001b[39m\u001b[22m\n\u001b[2m    \u001b[31m\u001b[1m>\u001b[22m\u001b[2m\u001b[39m\u001b[90m 143 |\u001b[39m       expect(res\u001b[33m.\u001b[39mjson)\u001b[33m.\u001b[39mtoHaveBeenCalledWith({\u001b[22m\n\u001b[2m     \u001b[90m     |\u001b[39m                        \u001b[31m\u001b[1m^\u001b[22m\u001b[2m\u001b[39m\u001b[22m\n\u001b[2m     \u001b[90m 144 |\u001b[39m         success\u001b[33m:\u001b[39m \u001b[36mfalse\u001b[39m\u001b[33m,\u001b[39m\u001b[22m\n\u001b[2m     \u001b[90m 145 |\u001b[39m         message\u001b[33m:\u001b[39m \u001b[32m'Invalid token. Please log in again.'\u001b[39m\u001b[33m,\u001b[39m\u001b[22m\n\u001b[2m     \u001b[90m 146 |\u001b[39m         code\u001b[33m:\u001b[39m \u001b[32m'INVALID_TOKEN'\u001b[39m\u001b[0m\u001b[22m\n\u001b[2m\u001b[22m\n\u001b[2m      \u001b[2mat Object.toHaveBeenCalledWith (\u001b[22m\u001b[2m\u001b[0m\u001b[36msrc/middleware/__tests__/errorHandler.test.js\u001b[39m\u001b[0m\u001b[2m:143:24)\u001b[22m\u001b[2m\u001b[22m\n\n\u001b[1m\u001b[31m  \u001b[1m● \u001b[22m\u001b[1mError Handler Middleware › Global Error Handler › should handle JWT expired errors\u001b[39m\u001b[22m\n\n    \u001b[2mexpect(\u001b[22m\u001b[31mjest.fn()\u001b[39m\u001b[2m).\u001b[22mtoHaveBeenCalledWith\u001b[2m(\u001b[22m\u001b[32m...expected\u001b[39m\u001b[2m)\u001b[22m\n\n    \u001b[32m- Expected\u001b[39m\n    \u001b[31m+ Received\u001b[39m\n\n    \u001b[2m  Object {\u001b[22m\n    \u001b[2m    \"code\": \"TOKEN_EXPIRED\",\u001b[22m\n    \u001b[31m+   \"errorId\": \"ERR_1772229507870_3mzpp1dqy\",\u001b[39m\n    \u001b[2m    \"message\": \"Your token has expired. Please log in again.\",\u001b[22m\n    \u001b[2m    \"success\": false,\u001b[22m\n    \u001b[2m  }\u001b[22m,\n\n    Number of calls: \u001b[31m1\u001b[39m\n\u001b[2m\u001b[22m\n\u001b[2m    \u001b[0m \u001b[90m 156 |\u001b[39m       \u001b[22m\n\u001b[2m     \u001b[90m 157 |\u001b[39m       expect(res\u001b[33m.\u001b[39mstatus)\u001b[33m.\u001b[39mtoHaveBeenCalledWith(\u001b[35m401\u001b[39m)\u001b[33m;\u001b[39m\u001b[22m\n\u001b[2m    \u001b[31m\u001b[1m>\u001b[22m\u001b[2m\u001b[39m\u001b[90m 158 |\u001b[39m       expect(res\u001b[33m.\u001b[39mjson)\u001b[33m.\u001b[39mtoHaveBeenCalledWith({\u001b[22m\n\u001b[2m     \u001b[90m     |\u001b[39m                        \u001b[31m\u001b[1m^\u001b[22m\u001b[2m\u001b[39m\u001b[22m\n\u001b[2m     \u001b[90m 159 |\u001b[39m         success\u001b[33m:\u001b[39m \u001b[36mfalse\u001b[39m\u001b[33m,\u001b[39m\u001b[22m\n\u001b[2m     \u001b[90m 160 |\u001b[39m         message\u001b[33m:\u001b[39m \u001b[32m'Your token has expired. Please log in again.'\u001b[39m\u001b[33m,\u001b[39m\u001b[22m\n\u001b[2m     \u001b[90m 161 |\u001b[39m         code\u001b[33m:\u001b[39m \u001b[32m'TOKEN_EXPIRED'\u001b[39m\u001b[0m\u001b[22m\n\u001b[2m\u001b[22m\n\u001b[2m      \u001b[2mat Object.toHaveBeenCalledWith (\u001b[22m\u001b[2m\u001b[0m\u001b[36msrc/middleware/__tests__/errorHandler.test.js\u001b[39m\u001b[0m\u001b[2m:158:24)\u001b[22m\u001b[2m\u001b[22m\n\n\u001b[1m\u001b[31m  \u001b[1m● \u001b[22m\u001b[1mError Handler Middleware › Global Error Handler › should handle Multer file size errors\u001b[39m\u001b[22m\n\n    \u001b[2mexpect(\u001b[22m\u001b[31mjest.fn()\u001b[39m\u001b[2m).\u001b[22mtoHaveBeenCalledWith\u001b[2m(\u001b[22m\u001b[32m...expected\u001b[39m\u001b[2m)\u001b[22m\n\n    \u001b[32m- Expected\u001b[39m\n    \u001b[31m+ Received\u001b[39m\n\n    \u001b[2m  Object {\u001b[22m\n    \u001b[2m    \"code\": \"FILE_TOO_LARGE\",\u001b[22m\n    \u001b[31m+   \"errorId\": \"ERR_1772229507878_vjhqs04vv\",\u001b[39m\n    \u001b[2m    \"message\": \"File too large. Maximum size is 5MB.\",\u001b[22m\n    \u001b[2m    \"success\": false,\u001b[22m\n    \u001b[2m  }\u001b[22m,\n\n    Number of calls: \u001b[31m1\u001b[39m\n\u001b[2m\u001b[22m\n\u001b[2m    \u001b[0m \u001b[90m 172 |\u001b[39m       \u001b[22m\n\u001b[2m     \u001b[90m 173 |\u001b[39m       expect(res\u001b[33m.\u001b[39mstatus)\u001b[33m.\u001b[39mtoHaveBeenCalledWith(\u001b[35m400\u001b[39m)\u001b[33m;\u001b[39m\u001b[22m\n\u001b[2m    \u001b[31m\u001b[1m>\u001b[22m\u001b[2m\u001b[39m\u001b[90m 174 |\u001b[39m       expect(res\u001b[33m.\u001b[39mjson)\u001b[33m.\u001b[39mtoHaveBeenCalledWith({\u001b[22m\n\u001b[2m     \u001b[90m     |\u001b[39m                        \u001b[31m\u001b[1m^\u001b[22m\u001b[2m\u001b[39m\u001b[22m\n\u001b[2m     \u001b[90m 175 |\u001b[39m         success\u001b[33m:\u001b[39m \u001b[36mfalse\u001b[39m\u001b[33m,\u001b[39m\u001b[22m\n\u001b[2m     \u001b[90m 176 |\u001b[39m         message\u001b[33m:\u001b[39m \u001b[32m'File too large. Maximum size is 5MB.'\u001b[39m\u001b[33m,\u001b[39m\u001b[22m\n\u001b[2m     \u001b[90m 177 |\u001b[39m         code\u001b[33m:\u001b[39m \u001b[32m'FILE_TOO_LARGE'\u001b[39m\u001b[0m\u001b[22m\n\u001b[2m\u001b[22m\n\u001b[2m      \u001b[2mat Object.toHaveBeenCalledWith (\u001b[22m\u001b[2m\u001b[0m\u001b[36msrc/middleware/__tests__/errorHandler.test.js\u001b[39m\u001b[0m\u001b[2m:174:24)\u001b[22m\u001b[2m\u001b[22m\n","name":"C:\\Users\\HP\\Desktop\\PERSONAL PROJECTS\\EduConnect-Backend\\src\\middleware\\__tests__\\errorHandler.test.js","startTime":1772229501200,"status":"failed","summary":""},{"assertionResults":[{"ancestorTitles":["SystemAdminService - School Performance Analytics","Property 2: School performance analytics accuracy"],"duration":64,"failureDetails":[],"failureMessages":[],"fullName":"SystemAdminService - School Performance Analytics Property 2: School performance analytics accuracy should maintain mathematical accuracy in school comparisons","invocations":1,"location":null,"numPassingAsserts":57,"retryReasons":[],"status":"passed","title":"should maintain mathematical accuracy in school comparisons"},{"ancestorTitles":["SystemAdminService - School Performance Analytics","Property 2: School performance analytics accuracy"],"duration":8,"failureDetails":[],"failureMessages":[],"fullName":"SystemAdminService - School Performance Analytics Property 2: School performance analytics accuracy should handle edge cases in performance analytics","invocations":1,"location":null,"numPassingAsserts":6,"retryReasons":[],"status":"passed","title":"should handle edge cases in performance analytics"},{"ancestorTitles":["SystemAdminService - School Performance Analytics","Property 2: School performance analytics accuracy"],"duration":4,"failureDetails":[],"failureMessages":[],"fullName":"SystemAdminService - School Performance Analytics Property 2: School performance analytics accuracy should maintain consistency across different time ranges","invocations":1,"location":null,"numPassingAsserts":5,"retryReasons":[],"status":"passed","title":"should maintain consistency across different time ranges"},{"ancestorTitles":["SystemAdminService - School Performance Analytics","Property 2: School performance analytics accuracy"],"duration":2,"failureDetails":[],"failureMessages":[],"fullName":"SystemAdminService - School Performance Analytics Property 2: School performance analytics accuracy should ensure platform metrics aggregation accuracy","invocations":1,"location":null,"numPassingAsserts":6,"retryReasons":[],"status":"passed","title":"should ensure platform metrics aggregation accuracy"},{"ancestorTitles":["SystemAdminService - School Performance Analytics","Property 2: School performance analytics accuracy"],"duration":3,"failureDetails":[],"failureMessages":[],"fullName":"SystemAdminService - School Performance Analytics Property 2: School performance analytics accuracy should handle concurrent school modifications in analytics","invocations":1,"location":null,"numPassingAsserts":6,"retryReasons":[],"status":"passed","title":"should handle concurrent school modifications in analytics"},{"ancestorTitles":["SystemAdminService - School Performance Analytics","Property 2: School performance analytics accuracy"],"duration":32,"failureDetails":[{"matcherResult":{"message":"\u001b[2mexpect(\u001b[22m\u001b[31mjest.fn()\u001b[39m\u001b[2m).\u001b[22mtoHaveBeenCalledWith\u001b[2m(\u001b[22m\u001b[32m...expected\u001b[39m\u001b[2m)\u001b[22m\n\nExpected: \u001b[32m\"Upgraded to premium tier\"\u001b[39m, \u001b[32m\"system_admin_123\"\u001b[39m, \u001b[32m\"configuration\"\u001b[39m\nReceived: \u001b[2m\"Upgraded to premium tier\"\u001b[22m, \u001b[2m\"system_admin_123\"\u001b[22m, \u001b[31m\"technical\"\u001b[39m\n\nNumber of calls: \u001b[31m1\u001b[39m","pass":false}}],"failureMessages":["Error: \u001b[2mexpect(\u001b[22m\u001b[31mjest.fn()\u001b[39m\u001b[2m).\u001b[22mtoHaveBeenCalledWith\u001b[2m(\u001b[22m\u001b[32m...expected\u001b[39m\u001b[2m)\u001b[22m\n\nExpected: \u001b[32m\"Upgraded to premium tier\"\u001b[39m, \u001b[32m\"system_admin_123\"\u001b[39m, \u001b[32m\"configuration\"\u001b[39m\nReceived: \u001b[2m\"Upgraded to premium tier\"\u001b[22m, \u001b[2m\"system_admin_123\"\u001b[22m, \u001b[31m\"technical\"\u001b[39m\n\nNumber of calls: \u001b[31m1\u001b[39m\n    at Object.toHaveBeenCalledWith (C:\\Users\\HP\\Desktop\\PERSONAL PROJECTS\\EduConnect-Backend\\src\\services\\__tests__\\systemAdminService.test.js:439:40)\n    at processTicksAndRejections (node:internal/process/task_queues:105:5)"],"fullName":"SystemAdminService - School Performance Analytics Property 2: School performance analytics accuracy should validate school management operations maintain data integrity","invocations":1,"location":null,"numPassingAsserts":3,"retryReasons":[],"status":"failed","title":"should validate school management operations maintain data integrity"},{"ancestorTitles":["SystemAdminService - School Performance Analytics","Cross-School User Management Analytics"],"duration":5,"failureDetails":[],"failureMessages":[],"fullName":"SystemAdminService - School Performance Analytics Cross-School User Management Analytics should maintain user statistics accuracy across schools","invocations":1,"location":null,"numPassingAsserts":17,"retryReasons":[],"status":"passed","title":"should maintain user statistics accuracy across schools"},{"ancestorTitles":["SystemAdminService - School Performance Analytics","Cross-School User Management Analytics"],"duration":36,"failureDetails":[{"matcherResult":{"message":"\u001b[2mexpect(\u001b[22m\u001b[31mjest.fn()\u001b[39m\u001b[2m).\u001b[22mtoHaveBeenCalledWith\u001b[2m(\u001b[22m\u001b[32m...expected\u001b[39m\u001b[2m)\u001b[22m\n\nExpected: \u001b[32mObjectContaining {\"category\": \"user_management\", \"operation\": \"Activate user\", \"operationType\": \"admin_action\", \"severity\": \"high\", \"targetUserId\": \"69a2138db2c35a57a171b5aa\", \"userId\": \"system_admin_123\", \"userRole\": \"system_admin\"}\u001b[39m\nReceived: \u001b[31m{\"category\": \"user_management\", \"changes\": {\"after\": {\"isActive\": true}, \"before\": {\"isActive\": false}}, \"metadata\": {\"ip\": \"127.0.0.1\", \"reason\": \"Account review completed\", \"systemAdminEmail\": \"system_admin_123\", \"userAgent\": \"System Admin Dashboard\"}, \"operation\": \"Activate user\", \"operationType\": \"admin_action\", \"requestDetails\": {\"body\": {\"action\": \"activate\", \"newRole\": undefined, \"reason\": \"Account review completed\"}, \"method\": \"PUT\", \"path\": \"/api/system-admin/users/69a2138db2c35a57a171b5aa/access\"}, \"resourceId\": \"69a2138db2c35a57a171b5aa\", \"resourceType\": \"user\", \"severity\": \"high\", \"targetSchoolId\": \"SCH001\", \"targetUserId\": \"69a2138db2c35a57a171b5aa\", \"userEmail\": \"system_admin_123\", \"userId\": \"69a2138db2c35a57a171b5ab\", \"userRole\": \"system_admin\"}\u001b[39m\n\nNumber of calls: \u001b[31m1\u001b[39m","pass":false}}],"failureMessages":["Error: \u001b[2mexpect(\u001b[22m\u001b[31mjest.fn()\u001b[39m\u001b[2m).\u001b[22mtoHaveBeenCalledWith\u001b[2m(\u001b[22m\u001b[32m...expected\u001b[39m\u001b[2m)\u001b[22m\n\nExpected: \u001b[32mObjectContaining {\"category\": \"user_management\", \"operation\": \"Activate user\", \"operationType\": \"admin_action\", \"severity\": \"high\", \"targetUserId\": \"69a2138db2c35a57a171b5aa\", \"userId\": \"system_admin_123\", \"userRole\": \"system_admin\"}\u001b[39m\nReceived: \u001b[31m{\"category\": \"user_management\", \"changes\": {\"after\": {\"isActive\": true}, \"before\": {\"isActive\": false}}, \"metadata\": {\"ip\": \"127.0.0.1\", \"reason\": \"Account review completed\", \"systemAdminEmail\": \"system_admin_123\", \"userAgent\": \"System Admin Dashboard\"}, \"operation\": \"Activate user\", \"operationType\": \"admin_action\", \"requestDetails\": {\"body\": {\"action\": \"activate\", \"newRole\": undefined, \"reason\": \"Account review completed\"}, \"method\": \"PUT\", \"path\": \"/api/system-admin/users/69a2138db2c35a57a171b5aa/access\"}, \"resourceId\": \"69a2138db2c35a57a171b5aa\", \"resourceType\": \"user\", \"severity\": \"high\", \"targetSchoolId\": \"SCH001\", \"targetUserId\": \"69a2138db2c35a57a171b5aa\", \"userEmail\": \"system_admin_123\", \"userId\": \"69a2138db2c35a57a171b5ab\", \"userRole\": \"system_admin\"}\u001b[39m\n\nNumber of calls: \u001b[31m1\u001b[39m\n    at Object.toHaveBeenCalledWith (C:\\Users\\HP\\Desktop\\PERSONAL PROJECTS\\EduConnect-Backend\\src\\services\\__tests__\\systemAdminService.test.js:567:47)\n    at processTicksAndRejections (node:internal/process/task_queues:105:5)"],"fullName":"SystemAdminService - School Performance Analytics Cross-School User Management Analytics should handle user access management operations correctly","invocations":1,"location":null,"numPassingAsserts":2,"retryReasons":[],"status":"failed","title":"should handle user access management operations correctly"},{"ancestorTitles":["SystemAdminService - School Performance Analytics","Error Handling and Edge Cases"],"duration":53,"failureDetails":[],"failureMessages":[],"fullName":"SystemAdminService - School Performance Analytics Error Handling and Edge Cases should handle service errors gracefully","invocations":1,"location":null,"numPassingAsserts":1,"retryReasons":[],"status":"passed","title":"should handle service errors gracefully"},{"ancestorTitles":["SystemAdminService - School Performance Analytics","Error Handling and Edge Cases"],"duration":2,"failureDetails":[],"failureMessages":[],"fullName":"SystemAdminService - School Performance Analytics Error Handling and Edge Cases should handle invalid school IDs in comparisons","invocations":1,"location":null,"numPassingAsserts":1,"retryReasons":[],"status":"passed","title":"should handle invalid school IDs in comparisons"},{"ancestorTitles":["SystemAdminService - School Performance Analytics","Error Handling and Edge Cases"],"duration":2,"failureDetails":[],"failureMessages":[],"fullName":"SystemAdminService - School Performance Analytics Error Handling and Edge Cases should handle empty results gracefully","invocations":1,"location":null,"numPassingAsserts":3,"retryReasons":[],"status":"passed","title":"should handle empty results gracefully"},{"ancestorTitles":["SystemAdminService - School Performance Analytics","Caching and Performance"],"duration":6,"failureDetails":[],"failureMessages":[],"fullName":"SystemAdminService - School Performance Analytics Caching and Performance should use cached platform overview when available","invocations":1,"location":null,"numPassingAsserts":2,"retryReasons":[],"status":"passed","title":"should use cached platform overview when available"},{"ancestorTitles":["SystemAdminService - School Performance Analytics","Caching and Performance"],"duration":3,"failureDetails":[],"failureMessages":[],"fullName":"SystemAdminService - School Performance Analytics Caching and Performance should cache platform overview when not cached","invocations":1,"location":null,"numPassingAsserts":1,"retryReasons":[],"status":"passed","title":"should cache platform overview when not cached"}],"endTime":1772229517653,"message":"\u001b[1m\u001b[31m  \u001b[1m● \u001b[22m\u001b[1mSystemAdminService - School Performance Analytics › Property 2: School performance analytics accuracy › should validate school management operations maintain data integrity\u001b[39m\u001b[22m\n\n    \u001b[2mexpect(\u001b[22m\u001b[31mjest.fn()\u001b[39m\u001b[2m).\u001b[22mtoHaveBeenCalledWith\u001b[2m(\u001b[22m\u001b[32m...expected\u001b[39m\u001b[2m)\u001b[22m\n\n    Expected: \u001b[32m\"Upgraded to premium tier\"\u001b[39m, \u001b[32m\"system_admin_123\"\u001b[39m, \u001b[32m\"configuration\"\u001b[39m\n    Received: \u001b[2m\"Upgraded to premium tier\"\u001b[22m, \u001b[2m\"system_admin_123\"\u001b[22m, \u001b[31m\"technical\"\u001b[39m\n\n    Number of calls: \u001b[31m1\u001b[39m\n\u001b[2m\u001b[22m\n\u001b[2m    \u001b[0m \u001b[90m 437 |\u001b[39m         \u001b[32m'system_admin_123'\u001b[39m\u001b[22m\n\u001b[2m     \u001b[90m 438 |\u001b[39m       )\u001b[33m;\u001b[39m\u001b[22m\n\u001b[2m    \u001b[31m\u001b[1m>\u001b[22m\u001b[2m\u001b[39m\u001b[90m 439 |\u001b[39m       expect(mockSchool\u001b[33m.\u001b[39maddSystemNote)\u001b[33m.\u001b[39mtoHaveBeenCalledWith(\u001b[22m\n\u001b[2m     \u001b[90m     |\u001b[39m                                        \u001b[31m\u001b[1m^\u001b[22m\u001b[2m\u001b[39m\u001b[22m\n\u001b[2m     \u001b[90m 440 |\u001b[39m         \u001b[32m'Upgraded to premium tier'\u001b[39m\u001b[33m,\u001b[39m\u001b[22m\n\u001b[2m     \u001b[90m 441 |\u001b[39m         \u001b[32m'system_admin_123'\u001b[39m\u001b[33m,\u001b[39m\u001b[22m\n\u001b[2m     \u001b[90m 442 |\u001b[39m         \u001b[32m'configuration'\u001b[39m\u001b[0m\u001b[22m\n\u001b[2m\u001b[22m\n\u001b[2m      \u001b[2mat Object.toHaveBeenCalledWith (\u001b[22m\u001b[2m\u001b[0m\u001b[36msrc/services/__tests__/systemAdminService.test.js\u001b[39m\u001b[0m\u001b[2m:439:40)\u001b[22m\u001b[2m\u001b[22m\n\n\u001b[1m\u001b[31m  \u001b[1m● \u001b[22m\u001b[1mSystemAdminService - School Performance Analytics › Cross-School User Management Analytics › should handle user access management operations correctly\u001b[39m\u001b[22m\n\n    \u001b[2mexpect(\u001b[22m\u001b[31mjest.fn()\u001b[39m\u001b[2m).\u001b[22mtoHaveBeenCalledWith\u001b[2m(\u001b[22m\u001b[32m...expected\u001b[39m\u001b[2m)\u001b[22m\n\n    Expected: \u001b[32mObjectContaining {\"category\": \"user_management\", \"operation\": \"Activate user\", \"operationType\": \"admin_action\", \"severity\": \"high\", \"targetUserId\": \"69a2138db2c35a57a171b5aa\", \"userId\": \"system_admin_123\", \"userRole\": \"system_admin\"}\u001b[39m\n    Received: \u001b[31m{\"category\": \"user_management\", \"changes\": {\"after\": {\"isActive\": true}, \"before\": {\"isActive\": false}}, \"metadata\": {\"ip\": \"127.0.0.1\", \"reason\": \"Account review completed\", \"systemAdminEmail\": \"system_admin_123\", \"userAgent\": \"System Admin Dashboard\"}, \"operation\": \"Activate user\", \"operationType\": \"admin_action\", \"requestDetails\": {\"body\": {\"action\": \"activate\", \"newRole\": undefined, \"reason\": \"Account review completed\"}, \"method\": \"PUT\", \"path\": \"/api/system-admin/users/69a2138db2c35a57a171b5aa/access\"}, \"resourceId\": \"69a2138db2c35a57a171b5aa\", \"resourceType\": \"user\", \"severity\": \"high\", \"targetSchoolId\": \"SCH001\", \"targetUserId\": \"69a2138db2c35a57a171b5aa\", \"userEmail\": \"system_admin_123\", \"userId\": \"69a2138db2c35a57a171b5ab\", \"userRole\": \"system_admin\"}\u001b[39m\n\n    Number of calls: \u001b[31m1\u001b[39m\n\u001b[2m\u001b[22m\n\u001b[2m    \u001b[0m \u001b[90m 565 |\u001b[39m\u001b[22m\n\u001b[2m     \u001b[90m 566 |\u001b[39m       \u001b[90m// Verify audit logging\u001b[39m\u001b[22m\n\u001b[2m    \u001b[31m\u001b[1m>\u001b[22m\u001b[2m\u001b[39m\u001b[90m 567 |\u001b[39m       expect(\u001b[33mPlatformAuditLog\u001b[39m\u001b[33m.\u001b[39mcreateAuditLog)\u001b[33m.\u001b[39mtoHaveBeenCalledWith(\u001b[22m\n\u001b[2m     \u001b[90m     |\u001b[39m                                               \u001b[31m\u001b[1m^\u001b[22m\u001b[2m\u001b[39m\u001b[22m\n\u001b[2m     \u001b[90m 568 |\u001b[39m         expect\u001b[33m.\u001b[39mobjectContaining({\u001b[22m\n\u001b[2m     \u001b[90m 569 |\u001b[39m           operation\u001b[33m:\u001b[39m \u001b[32m'Activate user'\u001b[39m\u001b[33m,\u001b[39m\u001b[22m\n\u001b[2m     \u001b[90m 570 |\u001b[39m           operationType\u001b[33m:\u001b[39m \u001b[32m'admin_action'\u001b[39m\u001b[33m,\u001b[39m\u001b[0m\u001b[22m\n\u001b[2m\u001b[22m\n\u001b[2m      \u001b[2mat Object.toHaveBeenCalledWith (\u001b[22m\u001b[2m\u001b[0m\u001b[36msrc/services/__tests__/systemAdminService.test.js\u001b[39m\u001b[0m\u001b[2m:567:47)\u001b[22m\u001b[2m\u001b[22m\n","name":"C:\\Users\\HP\\Desktop\\PERSONAL PROJECTS\\EduConnect-Backend\\src\\services\\__tests__\\systemAdminService.test.js","startTime":1772229500806,"status":"failed","summary":""},{"assertionResults":[{"ancestorTitles":["CrossSchoolAggregator Service","Property 1: Platform dashboard completeness"],"duration":15,"failureDetails":[],"failureMessages":[],"fullName":"CrossSchoolAggregator Service Property 1: Platform dashboard completeness should always return complete dashboard metrics structure","invocations":1,"location":null,"numPassingAsserts":21,"retryReasons":[],"status":"passed","title":"should always return complete dashboard metrics structure"},{"ancestorTitles":["CrossSchoolAggregator Service","Property 1: Platform dashboard completeness"],"duration":23,"failureDetails":[],"failureMessages":[],"fullName":"CrossSchoolAggregator Service Property 1: Platform dashboard completeness should handle empty school list gracefully","invocations":1,"location":null,"numPassingAsserts":7,"retryReasons":[],"status":"passed","title":"should handle empty school list gracefully"},{"ancestorTitles":["CrossSchoolAggregator Service","Property 1: Platform dashboard completeness"],"duration":3,"failureDetails":[],"failureMessages":[],"fullName":"CrossSchoolAggregator Service Property 1: Platform dashboard completeness should maintain data consistency across different metric types","invocations":1,"location":null,"numPassingAsserts":3,"retryReasons":[],"status":"passed","title":"should maintain data consistency across different metric types"},{"ancestorTitles":["CrossSchoolAggregator Service","Property 1: Platform dashboard completeness"],"duration":17,"failureDetails":[],"failureMessages":[],"fullName":"CrossSchoolAggregator Service Property 1: Platform dashboard completeness should include all required fields for platform KPIs","invocations":1,"location":null,"numPassingAsserts":11,"retryReasons":[],"status":"passed","title":"should include all required fields for platform KPIs"},{"ancestorTitles":["CrossSchoolAggregator Service","Property 2: School performance analytics accuracy"],"duration":10,"failureDetails":[],"failureMessages":[],"fullName":"CrossSchoolAggregator Service Property 2: School performance analytics accuracy should maintain mathematical consistency in school comparisons","invocations":1,"location":null,"numPassingAsserts":11,"retryReasons":[],"status":"passed","title":"should maintain mathematical consistency in school comparisons"},{"ancestorTitles":["CrossSchoolAggregator Service","Property 2: School performance analytics accuracy"],"duration":4,"failureDetails":[],"failureMessages":[],"fullName":"CrossSchoolAggregator Service Property 2: School performance analytics accuracy should handle edge cases in performance calculations","invocations":1,"location":null,"numPassingAsserts":4,"retryReasons":[],"status":"passed","title":"should handle edge cases in performance calculations"},{"ancestorTitles":["CrossSchoolAggregator Service","Property 2: School performance analytics accuracy"],"duration":3,"failureDetails":[],"failureMessages":[],"fullName":"CrossSchoolAggregator Service Property 2: School performance analytics accuracy should maintain trend analysis mathematical accuracy","invocations":1,"location":null,"numPassingAsserts":5,"retryReasons":[],"status":"passed","title":"should maintain trend analysis mathematical accuracy"},{"ancestorTitles":["CrossSchoolAggregator Service","Property 2: School performance analytics accuracy"],"duration":9,"failureDetails":[],"failureMessages":[],"fullName":"CrossSchoolAggregator Service Property 2: School performance analytics accuracy should ensure aggregation totals are mathematically consistent","invocations":1,"location":null,"numPassingAsserts":5,"retryReasons":[],"status":"passed","title":"should ensure aggregation totals are mathematically consistent"},{"ancestorTitles":["CrossSchoolAggregator Service","Error Handling and Edge Cases"],"duration":174,"failureDetails":[],"failureMessages":[],"fullName":"CrossSchoolAggregator Service Error Handling and Edge Cases should handle invalid metric types","invocations":1,"location":null,"numPassingAsserts":1,"retryReasons":[],"status":"passed","title":"should handle invalid metric types"},{"ancestorTitles":["CrossSchoolAggregator Service","Error Handling and Edge Cases"],"duration":5,"failureDetails":[],"failureMessages":[],"fullName":"CrossSchoolAggregator Service Error Handling and Edge Cases should handle empty school IDs array","invocations":1,"location":null,"numPassingAsserts":2,"retryReasons":[],"status":"passed","title":"should handle empty school IDs array"},{"ancestorTitles":["CrossSchoolAggregator Service","Caching Behavior"],"duration":1,"failureDetails":[],"failureMessages":[],"fullName":"CrossSchoolAggregator Service Caching Behavior should use cache when available","invocations":1,"location":null,"numPassingAsserts":3,"retryReasons":[],"status":"passed","title":"should use cache when available"},{"ancestorTitles":["CrossSchoolAggregator Service","Caching Behavior"],"duration":2,"failureDetails":[],"failureMessages":[],"fullName":"CrossSchoolAggregator Service Caching Behavior should cache results when not in cache","invocations":1,"location":null,"numPassingAsserts":1,"retryReasons":[],"status":"passed","title":"should cache results when not in cache"}],"endTime":1772229518659,"message":"","name":"C:\\Users\\HP\\Desktop\\PERSONAL PROJECTS\\EduConnect-Backend\\src\\services\\__tests__\\crossSchoolAggregator.test.js","startTime":1772229508597,"status":"passed","summary":""},{"assertionResults":[{"ancestorTitles":["School Authentication Controller","POST /register - School Registration"],"duration":364,"failureDetails":[],"failureMessages":[],"fullName":"School Authentication Controller POST /register - School Registration should register school successfully","invocations":1,"location":null,"numPassingAsserts":8,"retryReasons":[],"status":"passed","title":"should register school successfully"},{"ancestorTitles":["School Authentication Controller","POST /register - School Registration"],"duration":77,"failureDetails":[],"failureMessages":[],"fullName":"School Authentication Controller POST /register - School Registration should reject registration with existing email","invocations":1,"location":null,"numPassingAsserts":2,"retryReasons":[],"status":"passed","title":"should reject registration with existing email"},{"ancestorTitles":["School Authentication Controller","POST /register - School Registration"],"duration":15,"failureDetails":[],"failureMessages":[],"fullName":"School Authentication Controller POST /register - School Registration should handle email sending failure gracefully","invocations":1,"location":null,"numPassingAsserts":2,"retryReasons":[],"status":"passed","title":"should handle email sending failure gracefully"},{"ancestorTitles":["School Authentication Controller","POST /register - School Registration"],"duration":null,"failureDetails":[],"failureMessages":[],"fullName":"School Authentication Controller POST /register - School Registration should handle database errors","invocations":1,"location":null,"numPassingAsserts":0,"retryReasons":[],"status":"pending","title":"should handle database errors"},{"ancestorTitles":["School Authentication Controller","POST /verify-email - Email Verification"],"duration":61,"failureDetails":[],"failureMessages":[],"fullName":"School Authentication Controller POST /verify-email - Email Verification should verify email successfully","invocations":1,"location":null,"numPassingAsserts":5,"retryReasons":[],"status":"passed","title":"should verify email successfully"},{"ancestorTitles":["School Authentication Controller","POST /verify-email - Email Verification"],"duration":15,"failureDetails":[],"failureMessages":[],"fullName":"School Authentication Controller POST /verify-email - Email Verification should reject invalid OTP","invocations":1,"location":null,"numPassingAsserts":2,"retryReasons":[],"status":"passed","title":"should reject invalid OTP"},{"ancestorTitles":["School Authentication Controller","POST /verify-email - Email Verification"],"duration":58,"failureDetails":[],"failureMessages":[],"fullName":"School Authentication Controller POST /verify-email - Email Verification should reject verification for non-existent school","invocations":1,"location":null,"numPassingAsserts":2,"retryReasons":[],"status":"passed","title":"should reject verification for non-existent school"},{"ancestorTitles":["School Authentication Controller","POST /verify-email - Email Verification"],"duration":33,"failureDetails":[],"failureMessages":[],"fullName":"School Authentication Controller POST /verify-email - Email Verification should reject verification for already verified school","invocations":1,"location":null,"numPassingAsserts":2,"retryReasons":[],"status":"passed","title":"should reject verification for already verified school"},{"ancestorTitles":["School Authentication Controller","POST /login - School Admin Login"],"duration":108,"failureDetails":[],"failureMessages":[],"fullName":"School Authentication Controller POST /login - School Admin Login should login successfully","invocations":1,"location":null,"numPassingAsserts":7,"retryReasons":[],"status":"passed","title":"should login successfully"},{"ancestorTitles":["School Authentication Controller","POST /login - School Admin Login"],"duration":103,"failureDetails":[],"failureMessages":[],"fullName":"School Authentication Controller POST /login - School Admin Login should reject login with invalid credentials","invocations":1,"location":null,"numPassingAsserts":2,"retryReasons":[],"status":"passed","title":"should reject login with invalid credentials"},{"ancestorTitles":["School Authentication Controller","POST /login - School Admin Login"],"duration":67,"failureDetails":[],"failureMessages":[],"fullName":"School Authentication Controller POST /login - School Admin Login should reject login for unverified school","invocations":1,"location":null,"numPassingAsserts":2,"retryReasons":[],"status":"passed","title":"should reject login for unverified school"},{"ancestorTitles":["School Authentication Controller","POST /login - School Admin Login"],"duration":24,"failureDetails":[],"failureMessages":[],"fullName":"School Authentication Controller POST /login - School Admin Login should reject login for inactive school","invocations":1,"location":null,"numPassingAsserts":2,"retryReasons":[],"status":"passed","title":"should reject login for inactive school"},{"ancestorTitles":["School Authentication Controller","POST /login - School Admin Login"],"duration":30,"failureDetails":[],"failureMessages":[],"fullName":"School Authentication Controller POST /login - School Admin Login should reject login with wrong password","invocations":1,"location":null,"numPassingAsserts":2,"retryReasons":[],"status":"passed","title":"should reject login with wrong password"},{"ancestorTitles":["School Authentication Controller","POST /refresh-token - Token Refresh"],"duration":21,"failureDetails":[],"failureMessages":[],"fullName":"School Authentication Controller POST /refresh-token - Token Refresh should refresh token successfully","invocations":1,"location":null,"numPassingAsserts":3,"retryReasons":[],"status":"passed","title":"should refresh token successfully"},{"ancestorTitles":["School Authentication Controller","POST /refresh-token - Token Refresh"],"duration":14,"failureDetails":[],"failureMessages":[],"fullName":"School Authentication Controller POST /refresh-token - Token Refresh should reject invalid refresh token","invocations":1,"location":null,"numPassingAsserts":2,"retryReasons":[],"status":"passed","title":"should reject invalid refresh token"},{"ancestorTitles":["School Authentication Controller","POST /refresh-token - Token Refresh"],"duration":14,"failureDetails":[],"failureMessages":[],"fullName":"School Authentication Controller POST /refresh-token - Token Refresh should reject refresh token without token","invocations":1,"location":null,"numPassingAsserts":2,"retryReasons":[],"status":"passed","title":"should reject refresh token without token"},{"ancestorTitles":["School Authentication Controller","POST /logout - Logout"],"duration":23,"failureDetails":[],"failureMessages":[],"fullName":"School Authentication Controller POST /logout - Logout should logout successfully","invocations":1,"location":null,"numPassingAsserts":2,"retryReasons":[],"status":"passed","title":"should logout successfully"},{"ancestorTitles":["School Authentication Controller","POST /forgot-password - Forgot Password"],"duration":25,"failureDetails":[],"failureMessages":[],"fullName":"School Authentication Controller POST /forgot-password - Forgot Password should send password reset email successfully","invocations":1,"location":null,"numPassingAsserts":4,"retryReasons":[],"status":"passed","title":"should send password reset email successfully"},{"ancestorTitles":["School Authentication Controller","POST /forgot-password - Forgot Password"],"duration":14,"failureDetails":[],"failureMessages":[],"fullName":"School Authentication Controller POST /forgot-password - Forgot Password should not reveal if school does not exist","invocations":1,"location":null,"numPassingAsserts":2,"retryReasons":[],"status":"passed","title":"should not reveal if school does not exist"},{"ancestorTitles":["School Authentication Controller","POST /forgot-password - Forgot Password"],"duration":32,"failureDetails":[],"failureMessages":[],"fullName":"School Authentication Controller POST /forgot-password - Forgot Password should reject unverified school","invocations":1,"location":null,"numPassingAsserts":2,"retryReasons":[],"status":"passed","title":"should reject unverified school"},{"ancestorTitles":["School Authentication Controller","POST /forgot-password - Forgot Password"],"duration":null,"failureDetails":[],"failureMessages":[],"fullName":"School Authentication Controller POST /forgot-password - Forgot Password should handle email sending failure","invocations":1,"location":null,"numPassingAsserts":0,"retryReasons":[],"status":"pending","title":"should handle email sending failure"},{"ancestorTitles":["School Authentication Controller","POST /reset-password - Reset Password"],"duration":14,"failureDetails":[],"failureMessages":[],"fullName":"School Authentication Controller POST /reset-password - Reset Password should reset password successfully","invocations":1,"location":null,"numPassingAsserts":5,"retryReasons":[],"status":"passed","title":"should reset password successfully"},{"ancestorTitles":["School Authentication Controller","POST /reset-password - Reset Password"],"duration":11,"failureDetails":[],"failureMessages":[],"fullName":"School Authentication Controller POST /reset-password - Reset Password should reject invalid reset token","invocations":1,"location":null,"numPassingAsserts":2,"retryReasons":[],"status":"passed","title":"should reject invalid reset token"},{"ancestorTitles":["School Authentication Controller","POST /reset-password - Reset Password"],"duration":27,"failureDetails":[],"failureMessages":[],"fullName":"School Authentication Controller POST /reset-password - Reset Password should reject expired reset token","invocations":1,"location":null,"numPassingAsserts":2,"retryReasons":[],"status":"passed","title":"should reject expired reset token"},{"ancestorTitles":["School Authentication Controller","POST /resend-otp - Resend OTP"],"duration":34,"failureDetails":[],"failureMessages":[],"fullName":"School Authentication Controller POST /resend-otp - Resend OTP should resend OTP successfully","invocations":1,"location":null,"numPassingAsserts":5,"retryReasons":[],"status":"passed","title":"should resend OTP successfully"},{"ancestorTitles":["School Authentication Controller","POST /resend-otp - Resend OTP"],"duration":14,"failureDetails":[],"failureMessages":[],"fullName":"School Authentication Controller POST /resend-otp - Resend OTP should reject resend for verified school","invocations":1,"location":null,"numPassingAsserts":2,"retryReasons":[],"status":"passed","title":"should reject resend for verified school"},{"ancestorTitles":["School Authentication Controller","POST /resend-otp - Resend OTP"],"duration":25,"failureDetails":[],"failureMessages":[],"fullName":"School Authentication Controller POST /resend-otp - Resend OTP should handle email sending failure","invocations":1,"location":null,"numPassingAsserts":2,"retryReasons":[],"status":"passed","title":"should handle email sending failure"},{"ancestorTitles":["createParentInvitation"],"duration":null,"failureDetails":[],"failureMessages":[],"fullName":"createParentInvitation should create parent invitation successfully","invocations":1,"location":null,"numPassingAsserts":0,"retryReasons":[],"status":"pending","title":"should create parent invitation successfully"},{"ancestorTitles":["createParentInvitation"],"duration":null,"failureDetails":[],"failureMessages":[],"fullName":"createParentInvitation should fail when no students provided","invocations":1,"location":null,"numPassingAsserts":0,"retryReasons":[],"status":"pending","title":"should fail when no students provided"},{"ancestorTitles":["createParentInvitation"],"duration":null,"failureDetails":[],"failureMessages":[],"fullName":"createParentInvitation should fail when school not found","invocations":1,"location":null,"numPassingAsserts":0,"retryReasons":[],"status":"pending","title":"should fail when school not found"},{"ancestorTitles":["createParentInvitation"],"duration":null,"failureDetails":[],"failureMessages":[],"fullName":"createParentInvitation should fail when students not found or invalid","invocations":1,"location":null,"numPassingAsserts":0,"retryReasons":[],"status":"pending","title":"should fail when students not found or invalid"},{"ancestorTitles":["createParentInvitation"],"duration":null,"failureDetails":[],"failureMessages":[],"fullName":"createParentInvitation should fail when admin user not found","invocations":1,"location":null,"numPassingAsserts":0,"retryReasons":[],"status":"pending","title":"should fail when admin user not found"},{"ancestorTitles":["createParentInvitation"],"duration":null,"failureDetails":[],"failureMessages":[],"fullName":"createParentInvitation should fail when invitation already exists","invocations":1,"location":null,"numPassingAsserts":0,"retryReasons":[],"status":"pending","title":"should fail 
[...]
"fullName":"Cookie Helper getRefreshTokenFromCookie should return refresh token from cookies","invocations":1,"location":null,"numPassingAsserts":1,"retryReasons":[],"status":"passed","title":"should return refresh token from cookies"},{"ancestorTitles":["Cookie Helper","getRefreshTokenFromCookie"],"duration":1,"failureDetails":[],"failureMessages":[],"fullName":"Cookie Helper getRefreshTokenFromCookie should return null if no refresh token in cookies","invocations":1,"location":null,"numPassingAsserts":1,"retryReasons":[],"status":"passed","title":"should return null if no refresh token in cookies"},{"ancestorTitles":["Cookie Helper","getRefreshTokenFromCookie"],"duration":1,"failureDetails":[],"failureMessages":[],"fullName":"Cookie Helper getRefreshTokenFromCookie should return null if cookies object is undefined","invocations":1,"location":null,"numPassingAsserts":1,"retryReasons":[],"status":"passed","title":"should return null if cookies object is undefined"},{"ancestorTitles":["Cookie Helper","validateCookieSecurity"],"duration":1,"failureDetails":[],"failureMessages":[],"fullName":"Cookie Helper validateCookieSecurity should validate secure connection in production","invocations":1,"location":null,"numPassingAsserts":3,"retryReasons":[],"status":"passed","title":"should validate secure connection in production"},{"ancestorTitles":["Cookie Helper","validateCookieSecurity"],"duration":1,"failureDetails":[],"failureMessages":[],"fullName":"Cookie Helper validateCookieSecurity should warn about insecure connection in production","invocations":1,"location":null,"numPassingAsserts":2,"retryReasons":[],"status":"passed","title":"should warn about insecure connection in production"},{"ancestorTitles":["Cookie Helper","validateCookieSecurity"],"duration":2,"failureDetails":[],"failureMessages":[],"fullName":"Cookie Helper validateCookieSecurity should handle x-forwarded-proto header","invocations":1,"location":null,"numPassingAsserts":1,"retryReasons":[],"status":"passed","title":"should handle x-forwarded-proto header"},{"ancestorTitles":["Cookie Helper","getCookieDebugInfo"],"duration":4,"failureDetails":[],"failureMessages":[],"fullName":"Cookie Helper getCookieDebugInfo should return debug info in development","invocations":1,"location":null,"numPassingAsserts":4,"retryReasons":[],"status":"passed","title":"should return debug info in development"},{"ancestorTitles":["Cookie Helper","getCookieDebugInfo"],"duration":1,"failureDetails":[],"failureMessages":[],"fullName":"Cookie Helper getCookieDebugInfo should not return debug info in production","invocations":1,"location":null,"numPassingAsserts":1,"retryReasons":[],"status":"passed","title":"should not return debug info in production"}],"endTime":1772229532606,"message":"","name":"C:\\Users\\HP\\Desktop\\PERSONAL PROJECTS\\EduConnect-Backend\\src\\utils\\__tests__\\cookieHelper.test.js","startTime":1772229532417,"status":"passed","summary":""},{"assertionResults":[{"ancestorTitles":["SystemAdminAuth Routes","Route Module Structure"],"duration":38,"failureDetails":[],"failureMessages":[],"fullName":"SystemAdminAuth Routes Route Module Structure should export a valid Express router","invocations":1,"location":null,"numPassingAsserts":2,"retryReasons":[],"status":"passed","title":"should export a valid Express router"},{"ancestorTitles":["SystemAdminAuth Routes","Route Module Structure"],"duration":1,"failureDetails":[],"failureMessages":[],"fullName":"SystemAdminAuth Routes Route Module Structure should have required controller functions","invocations":1,"location":null,"numPassingAsserts":5,"retryReasons":[],"status":"passed","title":"should have required controller functions"},{"ancestorTitles":["SystemAdminAuth Routes","Route Module Structure"],"duration":1,"failureDetails":[],"failureMessages":[],"fullName":"SystemAdminAuth Routes Route Module Structure should have required middleware functions","invocations":1,"location":null,"numPassingAsserts":4,"retryReasons":[],"status":"passed","title":"should have required middleware functions"},{"ancestorTitles":["SystemAdminAuth Routes","Route Security Features"],"duration":1,"failureDetails":[],"failureMessages":[],"fullName":"SystemAdminAuth Routes Route Security Features should use rate limiting middleware","invocations":1,"location":null,"numPassingAsserts":2,"retryReasons":[],"status":"passed","title":"should use rate limiting middleware"},{"ancestorTitles":["SystemAdminAuth Routes","Route Security Features"],"duration":1,"failureDetails":[],"failureMessages":[],"fullName":"SystemAdminAuth Routes Route Security Features should use authentication middleware","invocations":1,"location":null,"numPassingAsserts":2,"retryReasons":[],"status":"passed","title":"should use authentication middleware"},{"ancestorTitles":["SystemAdminAuth Routes","Route Security Features"],"duration":1,"failureDetails":[],"failureMessages":[],"fullName":"SystemAdminAuth Routes Route Security Features should use audit logging middleware","invocations":1,"location":null,"numPassingAsserts":2,"retryReasons":[],"status":"passed","title":"should use audit logging middleware"},{"ancestorTitles":["SystemAdminAuth Routes","Route Security Features"],"duration":0,"failureDetails":[],"failureMessages":[],"fullName":"SystemAdminAuth Routes Route Security Features should use validation middleware","invocations":1,"location":null,"numPassingAsserts":2,"retryReasons":[],"status":"passed","title":"should use validation middleware"},{"ancestorTitles":["SystemAdminAuth Routes","Route Restrictions"],"duration":0,"failureDetails":[],"failureMessages":[],"fullName":"SystemAdminAuth Routes Route Restrictions should not expose dangerous endpoints","invocations":1,"location":null,"numPassingAsserts":1,"retryReasons":[],"status":"passed","title":"should not expose dangerous endpoints"},{"ancestorTitles":["SystemAdminAuth Routes","Route Restrictions"],"duration":1,"failureDetails":[],"failureMessages":[],"fullName":"SystemAdminAuth Routes Route Restrictions should only have authentication-related endpoints","invocations":1,"location":null,"numPassingAsserts":5,"retryReasons":[],"status":"passed","title":"should only have authentication-related endpoints"}],"endTime":1772229532768,"message":"","name":"C:\\Users\\HP\\Desktop\\PERSONAL PROJECTS\\EduConnect-Backend\\src\\routes\\__tests__\\systemAdminAuth.test.js","startTime":1772229532399,"status":"passed","summary":""},{"assertionResults":[{"ancestorTitles":["RBAC Middleware","Role Requirements"],"duration":3,"failureDetails":[],"failureMessages":[],"fullName":"RBAC Middleware Role Requirements requireAdmin should allow admin users","invocations":1,"location":null,"numPassingAsserts":2,"retryReasons":[],"status":"passed","title":"requireAdmin should allow admin users"},{"ancestorTitles":["RBAC Middleware","Role Requirements"],"duration":2,"failureDetails":[],"failureMessages":[],"fullName":"RBAC Middleware Role Requirements requireAdmin should deny non-admin users","invocations":1,"location":null,"numPassingAsserts":3,"retryReasons":[],"status":"passed","title":"requireAdmin should deny non-admin users"},{"ancestorTitles":["RBAC Middleware","Role Requirements"],"duration":2,"failureDetails":[],"failureMessages":[],"fullName":"RBAC Middleware Role Requirements requireTeacher should allow teacher and admin users","invocations":1,"location":null,"numPassingAsserts":2,"retryReasons":[],"status":"passed","title":"requireTeacher should allow teacher and admin users"},{"ancestorTitles":["RBAC Middleware","Role Requirements"],"duration":1,"failureDetails":[],"failureMessages":[],"fullName":"RBAC Middleware Role Requirements requireTeacher should deny parent users","invocations":1,"location":null,"numPassingAsserts":2,"retryReasons":[],"status":"passed","title":"requireTeacher should deny parent users"},{"ancestorTitles":["RBAC Middleware","School Access Validation"],"duration":1,"failureDetails":[],"failureMessages":[],"fullName":"RBAC Middleware School Access Validation validateSchoolAccess should allow same school access","invocations":1,"location":null,"numPassingAsserts":2,"retryReasons":[],"status":"passed","title":"validateSchoolAccess should allow same school access"},{"ancestorTitles":["RBAC Middleware","School Access Validation"],"duration":2,"failureDetails":[],"failureMessages":[],"fullName":"RBAC Middleware School Access Validation validateSchoolAccess should deny cross-school access","invocations":1,"location":null,"numPassingAsserts":3,"retryReasons":[],"status":"passed","title":"validateSchoolAccess should deny cross-school access"},{"ancestorTitles":["RBAC Middleware","School Access Validation"],"duration":1,"failureDetails":[],"failureMessages":[],"fullName":"RBAC Middleware School Access Validation preventCrossSchoolAccess should allow requests without school ID","invocations":1,"location":null,"numPassingAsserts":2,"retryReasons":[],"status":"passed","title":"preventCrossSchoolAccess should allow requests without school ID"},{"ancestorTitles":["RBAC Middleware","School Access Validation"],"duration":2,"failureDetails":[],"failureMessages":[],"fullName":"RBAC Middleware School Access Validation preventCrossSchoolAccess should deny multiple school access","invocations":1,"location":null,"numPassingAsserts":3,"retryReasons":[],"status":"passed","title":"preventCrossSchoolAccess should deny multiple school access"},{"ancestorTitles":["RBAC Middleware","Resource Ownership Validation"],"duration":3,"failureDetails":[],"failureMessages":[],"fullName":"RBAC Middleware Resource Ownership Validation validateResourceOwnership should allow admin access to any resource","invocations":1,"location":null,"numPassingAsserts":2,"retryReasons":[],"status":"passed","title":"validateResourceOwnership should allow admin access to any resource"},{"ancestorTitles":["RBAC Middleware","Resource Ownership Validation"],"duration":1,"failureDetails":[],"failureMessages":[],"fullName":"RBAC Middleware Resource Ownership Validation validateResourceOwnership should allow users to access their own profile","invocations":1,"location":null,"numPassingAsserts":2,"retryReasons":[],"status":"passed","title":"validateResourceOwnership should allow users to access their own profile"},{"ancestorTitles":["RBAC Middleware","Resource Ownership Validation"],"duration":1,"failureDetails":[],"failureMessages":[],"fullName":"RBAC Middleware Resource Ownership Validation validateResourceOwnership should deny parents access to other users","invocations":1,"location":null,"numPassingAsserts":3,"retryReasons":[],"status":"passed","title":"validateResourceOwnership should deny parents access to other users"},{"ancestorTitles":["RBAC Middleware","Resource Ownership Validation"],"duration":3,"failureDetails":[],"failureMessages":[],"fullName":"RBAC Middleware Resource Ownership Validation validateResourceOwnership should require admin for teacher management","invocations":1,"location":null,"numPassingAsserts":3,"retryReasons":[],"status":"passed","title":"validateResourceOwnership should require admin for teacher management"},{"ancestorTitles":["RBAC Middleware","Parent Access Validation"],"duration":1,"failureDetails":[],"failureMessages":[],"fullName":"RBAC Middleware Parent Access Validation validateParentAccess should allow admin and teacher access","invocations":1,"location":null,"numPassingAsserts":2,"retryReasons":[],"status":"passed","title":"validateParentAccess should allow admin and teacher access"},{"ancestorTitles":["RBAC Middleware","Parent Access Validation"],"duration":10,"failureDetails":[],"failureMessages":[],"fullName":"RBAC Middleware Parent Access Validation validateParentAccess should set validation flags for parents","invocations":1,"location":null,"numPassingAsserts":4,"retryReasons":[],"status":"passed","title":"validateParentAccess should set validation flags for parents"},{"ancestorTitles":["RBAC Middleware","Parent Access Validation"],"duration":1,"failureDetails":[],"failureMessages":[],"fullName":"RBAC Middleware Parent Access Validation validateParentAccess should deny invalid roles","invocations":1,"location":null,"numPassingAsserts":3,"retryReasons":[],"status":"passed","title":"validateParentAccess should deny invalid roles"},{"ancestorTitles":["RBAC Middleware","Teacher Access Validation"],"duration":0,"failureDetails":[],"failureMessages":[],"fullName":"RBAC Middleware Teacher Access Validation validateTeacherAccess should allow admin access","invocations":1,"location":null,"numPassingAsserts":2,"retryReasons":[],"status":"passed","title":"validateTeacherAccess should allow admin access"},{"ancestorTitles":["RBAC Middleware","Teacher Access Validation"],"duration":1,"failureDetails":[],"failureMessages":[],"fullName":"RBAC Middleware Teacher Access Validation validateTeacherAccess should set validation flags for teachers","invocations":1,"location":null,"numPassingAsserts":3,"retryReasons":[],"status":"passed","title":"validateTeacherAccess should set validation flags for teachers"},{"ancestorTitles":["RBAC Middleware","Teacher Access Validation"],"duration":2,"failureDetails":[],"failureMessages":[],"fullName":"RBAC Middleware Teacher Access Validation validateTeacherAccess should deny parent access","invocations":1,"location":null,"numPassingAsserts":3,"retryReasons":[],"status":"passed","title":"validateTeacherAccess should deny parent access"},{"ancestorTitles":["RBAC Middleware","Endpoint Permissions"],"duration":4,"failureDetails":[],"failureMessages":[],"fullName":"RBAC Middleware Endpoint Permissions validateEndpointPermissions should allow admin-only access for admins","invocations":1,"location":null,"numPassingAsserts":2,"retryReasons":[],"status":"passed","title":"validateEndpointPermissions should allow admin-only access for admins"},{"ancestorTitles":["RBAC Middleware","Endpoint Permissions"],"duration":9,"failureDetails":[],"failureMessages":[],"fullName":"RBAC Middleware Endpoint Permissions validateEndpointPermissions should deny admin-only access for teachers","invocations":1,"location":null,"numPassingAsserts":3,"retryReasons":[],"status":"passed","title":"validateEndpointPermissions should deny admin-only access for teachers"},{"ancestorTitles":["RBAC Middleware","Endpoint Permissions"],"duration":1,"failureDetails":[],"failureMessages":[],"fullName":"RBAC Middleware Endpoint Permissions validateEndpointPermissions should handle school-admin-only access","invocations":1,"location":null,"numPassingAsserts":2,"retryReasons":[],"status":"passed","title":"validateEndpointPermissions should handle school-admin-only access"},{"ancestorTitles":["RBAC Middleware","Audit Logging"],"duration":3,"failureDetails":[],"failureMessages":[],"fullName":"RBAC Middleware Audit Logging auditLog should set audit information","invocations":1,"location":null,"numPassingAsserts":2,"retryReasons":[],"status":"passed","title":"auditLog should set audit information"},{"ancestorTitles":["RBAC Middleware","RBAC Chain Creation"],"duration":2,"failureDetails":[],"failureMessages":[],"fullName":"RBAC Middleware RBAC Chain Creation createRBACChain should combine multiple middlewares","invocations":1,"location":null,"numPassingAsserts":2,"retryReasons":[],"status":"passed","title":"createRBACChain should combine multiple middlewares"},{"ancestorTitles":["RBAC Middleware","Authentication Requirements"],"duration":2,"failureDetails":[],"failureMessages":[],"fullName":"RBAC Middleware Authentication Requirements should require authentication for all protected endpoints","invocations":1,"location":null,"numPassingAsserts":3,"retryReasons":[],"status":"passed","title":"should require authentication for all protected endpoints"}],"endTime":1772229532853,"message":"","name":"C:\\Users\\HP\\Desktop\\PERSONAL PROJECTS\\EduConnect-Backend\\src\\middleware\\__tests__\\rbac.test.js","startTime":1772229532577,"status":"passed","summary":""},{"assertionResults":[],"coverage":{},"endTime":1772229540372,"message":"  \u001b[1m● \u001b[22mTest suite failed to run\n\n    Your test suite must contain at least one test.\n\n      \u001b[2mat onResult (\u001b[22mnode_modules/@jest/core/build/TestScheduler.js\u001b[2m:133:18)\u001b[22m\n      \u001b[2mat \u001b[22mnode_modules/@jest/core/build/TestScheduler.js\u001b[2m:254:19\u001b[22m\n      \u001b[2mat \u001b[22mnode_modules/emittery/index.js\u001b[2m:363:13\u001b[22m\n          at Array.map (<anonymous>)\n      \u001b[2mat Emittery.emit (\u001b[22mnode_modules/emittery/index.js\u001b[2m:361:23)\u001b[22m\n","name":"C:\\Users\\HP\\Desktop\\PERSONAL PROJECTS\\EduConnect-Backend\\src\\controllers\\__tests__\\systemAdminController.test.js","startTime":1772229540372,"status":"failed","summary":""},{"assertionResults":[],"coverage":{},"endTime":1772229540372,"message":"  \u001b[1m● \u001b[22mTest suite failed to run\n\n    Route.post() requires a callback function but got a [object Undefined]\n\n    \u001b[0m \u001b[90m 43 |\u001b[39m \u001b[90m * @query   {schoolId?}\u001b[39m\n     \u001b[90m 44 |\u001b[39m \u001b[90m */\u001b[39m\n    \u001b[31m\u001b[1m>\u001b[22m\u001b[39m\u001b[90m 45 |\u001b[39m router\u001b[33m.\u001b[39mpost(\u001b[32m'/analytics/refresh'\u001b[39m\u001b[33m,\u001b[39m\n     \u001b[90m    |\u001b[39m        \u001b[31m\u001b[1m^\u001b[22m\u001b[39m\n     \u001b[90m 46 |\u001b[39m   rateLimiter\u001b[33m.\u001b[39mgeneralLimiter\u001b[33m,\u001b[39m\n     \u001b[90m 47 |\u001b[39m   validateDashboardQuery\u001b[33m,\u001b[39m\n     \u001b[90m 48 |\u001b[39m   adminDashboardController\u001b[33m.\u001b[39mforceRefreshDashboard\u001b[0m\n\n      \u001b[2mat Route.<computed> [as post] (\u001b[22mnode_modules/express/lib/router/route.js\u001b[2m:216:15)\u001b[22m\n      \u001b[2mat Function.proto.<computed> [as post] (\u001b[22mnode_modules/express/lib/router/index.js\u001b[2m:521:19)\u001b[22m\n      \u001b[2mat Object.post (\u001b[22msrc/routes/adminDashboard.js\u001b[2m:45:8)\u001b[22m\n      \u001b[2mat Object.require (\u001b[22m\u001b[0m\u001b[36msrc/routes/__tests__/adminDashboard.test.js\u001b[39m\u001b[0m\u001b[2m:8:30)\u001b[22m\n","name":"C:\\Users\\HP\\Desktop\\PERSONAL PROJECTS\\EduConnect-Backend\\src\\routes\\__tests__\\adminDashboard.test.js","startTime":1772229540372,"status":"failed","summary":""},{"assertionResults":[],"coverage":{},"endTime":1772229540372,"message":"  \u001b[1m● \u001b[22mTest suite failed to run\n\n    Route.post() requires a callback function but got a [object Undefined]\n\n    \u001b[0m \u001b[90m 25 |\u001b[39m \u001b[90m * @body    {teacherId, studentIds[], schoolId?}\u001b[39m\n     \u001b[90m 26 |\u001b[39m \u001b[90m */\u001b[39m\n    \u001b[31m\u001b[1m>\u001b[22m\u001b[39m\u001b[90m 27 |\u001b[39m router\u001b[33m.\u001b[39mpost(\u001b[32m'/assign-teacher'\u001b[39m\u001b[33m,\u001b[39m\n     \u001b[90m    |\u001b[39m        \u001b[31m\u001b[1m^\u001b[22m\u001b[39m\n     \u001b[90m 28 |\u001b[39m   requireRole([\u001b[32m'admin'\u001b[39m])\u001b[33m,\u001b[39m\n     \u001b[90m 29 |\u001b[39m   rateLimiter\u001b[33m.\u001b[39madminLimiter\u001b[33m,\u001b[39m\n     \u001b[90m 30 |\u001b[39m   validateTeacherAssignment\u001b[33m,\u001b[39m\u001b[0m\n\n      \u001b[2mat Route.<computed> [as post] (\u001b[22mnode_modules/express/lib/router/route.js\u001b[2m:216:15)\u001b[22m\n      \u001b[2mat Function.proto.<computed> [as post] (\u001b[22mnode_modules/express/lib/router/index.js\u001b[2m:521:19)\u001b[22m\n      \u001b[2mat Object.post (\u001b[22msrc/routes/teacherAssignment.js\u001b[2m:27:8)\u001b[22m\n      \u001b[2mat Object.require (\u001b[22msrc/app.js\u001b[2m:170:33)\u001b[22m\n      \u001b[2mat Object.require (\u001b[22m\u001b[0m\u001b[36msrc/controllers/__tests__/userAuthController.test.js\u001b[39m\u001b[0m\u001b[2m:8:13)\u001b[22m\n","name":"C:\\Users\\HP\\Desktop\\PERSONAL PROJECTS\\EduConnect-Backend\\src\\controllers\\__tests__\\userAuthController.test.js","startTime":1772229540372,"status":"failed","summary":""}],"wasInterrupted":false}
